["INFO" - 1:53:23 PM] Extension Name: esbenp.prettier-vscode.
["INFO" - 1:53:23 PM] Extension Version: 8.0.1.
["INFO" - 10:11:24 AM] Formatting /var/www/html/assets/css/style.css
["INFO" - 10:11:25 AM] Using ignore file (if present) at /var/www/html/.prettierignore
["INFO" - 10:11:25 AM] File Info:
{
  "ignored": false,
  "inferredParser": "css"
}
["INFO" - 10:11:25 AM] No local configuration (i.e. .prettierrc or .editorconfig) detected, falling back to VS Code configuration
["INFO" - 10:11:25 AM] Prettier Options:
{
  "arrowParens": "always",
  "bracketSpacing": true,
  "endOfLine": "lf",
  "htmlWhitespaceSensitivity": "css",
  "insertPragma": false,
  "jsxBracketSameLine": false,
  "jsxSingleQuote": false,
  "printWidth": 80,
  "proseWrap": "preserve",
  "quoteProps": "as-needed",
  "requirePragma": false,
  "semi": true,
  "singleQuote": false,
  "tabWidth": 2,
  "trailingComma": "es5",
  "useTabs": false,
  "vueIndentScriptAndStyle": false,
  "filepath": "/var/www/html/assets/css/style.css",
  "parser": "css"
}
["INFO" - 10:11:26 AM] Formatting completed in 84.164228ms.
["INFO" - 10:11:34 AM] Formatting /var/www/html/assets/css/style.css
["INFO" - 10:11:34 AM] Using ignore file (if present) at /var/www/html/.prettierignore
["INFO" - 10:11:34 AM] File Info:
{
  "ignored": false,
  "inferredParser": "css"
}
["INFO" - 10:11:34 AM] No local configuration (i.e. .prettierrc or .editorconfig) detected, falling back to VS Code configuration
["INFO" - 10:11:34 AM] Prettier Options:
{
  "arrowParens": "always",
  "bracketSpacing": true,
  "endOfLine": "lf",
  "htmlWhitespaceSensitivity": "css",
  "insertPragma": false,
  "jsxBracketSameLine": false,
  "jsxSingleQuote": false,
  "printWidth": 80,
  "proseWrap": "preserve",
  "quoteProps": "as-needed",
  "requirePragma": false,
  "semi": true,
  "singleQuote": false,
  "tabWidth": 2,
  "trailingComma": "es5",
  "useTabs": false,
  "vueIndentScriptAndStyle": false,
  "filepath": "/var/www/html/assets/css/style.css",
  "parser": "css"
}
["INFO" - 10:11:34 AM] Formatting completed in 65.796684ms.
["INFO" - 10:11:40 AM] Formatting /var/www/html/assets/css/style.css
["INFO" - 10:11:40 AM] Using ignore file (if present) at /var/www/html/.prettierignore
["INFO" - 10:11:40 AM] File Info:
{
  "ignored": false,
  "inferredParser": "css"
}
["INFO" - 10:11:40 AM] No local configuration (i.e. .prettierrc or .editorconfig) detected, falling back to VS Code configuration
["INFO" - 10:11:40 AM] Prettier Options:
{
  "arrowParens": "always",
  "bracketSpacing": true,
  "endOfLine": "lf",
  "htmlWhitespaceSensitivity": "css",
  "insertPragma": false,
  "jsxBracketSameLine": false,
  "jsxSingleQuote": false,
  "printWidth": 80,
  "proseWrap": "preserve",
  "quoteProps": "as-needed",
  "requirePragma": false,
  "semi": true,
  "singleQuote": false,
  "tabWidth": 2,
  "trailingComma": "es5",
  "useTabs": false,
  "vueIndentScriptAndStyle": false,
  "filepath": "/var/www/html/assets/css/style.css",
  "parser": "css"
}
["INFO" - 10:11:40 AM] Formatting completed in 58.494975ms.
["INFO" - 10:11:49 AM] Formatting /var/www/html/assets/css/style.css
["INFO" - 10:11:49 AM] Using ignore file (if present) at /var/www/html/.prettierignore
["INFO" - 10:11:49 AM] File Info:
{
  "ignored": false,
  "inferredParser": "css"
}
["INFO" - 10:11:49 AM] No local configuration (i.e. .prettierrc or .editorconfig) detected, falling back to VS Code configuration
["INFO" - 10:11:49 AM] Prettier Options:
{
  "arrowParens": "always",
  "bracketSpacing": true,
  "endOfLine": "lf",
  "htmlWhitespaceSensitivity": "css",
  "insertPragma": false,
  "jsxBracketSameLine": false,
  "jsxSingleQuote": false,
  "printWidth": 80,
  "proseWrap": "preserve",
  "quoteProps": "as-needed",
  "requirePragma": false,
  "semi": true,
  "singleQuote": false,
  "tabWidth": 2,
  "trailingComma": "es5",
  "useTabs": false,
  "vueIndentScriptAndStyle": false,
  "filepath": "/var/www/html/assets/css/style.css",
  "parser": "css"
}
["INFO" - 10:11:49 AM] Formatting completed in 64.966303ms.
["INFO" - 10:12:20 AM] Formatting /var/www/html/assets/css/style.css
["INFO" - 10:12:20 AM] Using ignore file (if present) at /var/www/html/.prettierignore
["INFO" - 10:12:20 AM] File Info:
{
  "ignored": false,
  "inferredParser": "css"
}
["INFO" - 10:12:20 AM] No local configuration (i.e. .prettierrc or .editorconfig) detected, falling back to VS Code configuration
["INFO" - 10:12:20 AM] Prettier Options:
{
  "arrowParens": "always",
  "bracketSpacing": true,
  "endOfLine": "lf",
  "htmlWhitespaceSensitivity": "css",
  "insertPragma": false,
  "jsxBracketSameLine": false,
  "jsxSingleQuote": false,
  "printWidth": 80,
  "proseWrap": "preserve",
  "quoteProps": "as-needed",
  "requirePragma": false,
  "semi": true,
  "singleQuote": false,
  "tabWidth": 2,
  "trailingComma": "es5",
  "useTabs": false,
  "vueIndentScriptAndStyle": false,
  "filepath": "/var/www/html/assets/css/style.css",
  "parser": "css"
}
["INFO" - 10:12:20 AM] Formatting completed in 61.663238ms.
["INFO" - 10:12:20 AM] Formatting /var/www/html/assets/css/style.css
["INFO" - 10:12:20 AM] Using ignore file (if present) at /var/www/html/.prettierignore
["INFO" - 10:12:20 AM] File Info:
{
  "ignored": false,
  "inferredParser": "css"
}
["INFO" - 10:12:20 AM] No local configuration (i.e. .prettierrc or .editorconfig) detected, falling back to VS Code configuration
["INFO" - 10:12:20 AM] Prettier Options:
{
  "arrowParens": "always",
  "bracketSpacing": true,
  "endOfLine": "lf",
  "htmlWhitespaceSensitivity": "css",
  "insertPragma": false,
  "jsxBracketSameLine": false,
  "jsxSingleQuote": false,
  "printWidth": 80,
  "proseWrap": "preserve",
  "quoteProps": "as-needed",
  "requirePragma": false,
  "semi": true,
  "singleQuote": false,
  "tabWidth": 2,
  "trailingComma": "es5",
  "useTabs": false,
  "vueIndentScriptAndStyle": false,
  "filepath": "/var/www/html/assets/css/style.css",
  "parser": "css"
}
["INFO" - 10:12:20 AM] Formatting completed in 39.62176ms.
["INFO" - 10:12:21 AM] Formatting /var/www/html/assets/css/style.css
["INFO" - 10:12:21 AM] Using ignore file (if present) at /var/www/html/.prettierignore
["INFO" - 10:12:21 AM] File Info:
{
  "ignored": false,
  "inferredParser": "css"
}
["INFO" - 10:12:21 AM] No local configuration (i.e. .prettierrc or .editorconfig) detected, falling back to VS Code configuration
["INFO" - 10:12:21 AM] Prettier Options:
{
  "arrowParens": "always",
  "bracketSpacing": true,
  "endOfLine": "lf",
  "htmlWhitespaceSensitivity": "css",
  "insertPragma": false,
  "jsxBracketSameLine": false,
  "jsxSingleQuote": false,
  "printWidth": 80,
  "proseWrap": "preserve",
  "quoteProps": "as-needed",
  "requirePragma": false,
  "semi": true,
  "singleQuote": false,
  "tabWidth": 2,
  "trailingComma": "es5",
  "useTabs": false,
  "vueIndentScriptAndStyle": false,
  "filepath": "/var/www/html/assets/css/style.css",
  "parser": "css"
}
["INFO" - 10:12:21 AM] Formatting completed in 41.589247ms.
["INFO" - 10:12:21 AM] Formatting /var/www/html/assets/css/style.css
["INFO" - 10:12:21 AM] Using ignore file (if present) at /var/www/html/.prettierignore
["INFO" - 10:12:21 AM] File Info:
{
  "ignored": false,
  "inferredParser": "css"
}
["INFO" - 10:12:21 AM] No local configuration (i.e. .prettierrc or .editorconfig) detected, falling back to VS Code configuration
["INFO" - 10:12:21 AM] Prettier Options:
{
  "arrowParens": "always",
  "bracketSpacing": true,
  "endOfLine": "lf",
  "htmlWhitespaceSensitivity": "css",
  "insertPragma": false,
  "jsxBracketSameLine": false,
  "jsxSingleQuote": false,
  "printWidth": 80,
  "proseWrap": "preserve",
  "quoteProps": "as-needed",
  "requirePragma": false,
  "semi": true,
  "singleQuote": false,
  "tabWidth": 2,
  "trailingComma": "es5",
  "useTabs": false,
  "vueIndentScriptAndStyle": false,
  "filepath": "/var/www/html/assets/css/style.css",
  "parser": "css"
}
["INFO" - 10:12:21 AM] Formatting completed in 41.358626ms.
["INFO" - 10:13:35 AM] Formatting /var/www/html/assets/css/style.css
["INFO" - 10:13:35 AM] Using ignore file (if present) at /var/www/html/.prettierignore
["INFO" - 10:13:35 AM] File Info:
{
  "ignored": false,
  "inferredParser": "css"
}
["INFO" - 10:13:35 AM] No local configuration (i.e. .prettierrc or .editorconfig) detected, falling back to VS Code configuration
["INFO" - 10:13:35 AM] Prettier Options:
{
  "arrowParens": "always",
  "bracketSpacing": true,
  "endOfLine": "lf",
  "htmlWhitespaceSensitivity": "css",
  "insertPragma": false,
  "jsxBracketSameLine": false,
  "jsxSingleQuote": false,
  "printWidth": 80,
  "proseWrap": "preserve",
  "quoteProps": "as-needed",
  "requirePragma": false,
  "semi": true,
  "singleQuote": false,
  "tabWidth": 2,
  "trailingComma": "es5",
  "useTabs": false,
  "vueIndentScriptAndStyle": false,
  "filepath": "/var/www/html/assets/css/style.css",
  "parser": "css"
}
["INFO" - 10:13:35 AM] Formatting completed in 52.815825ms.
