[Info  - 1:53:23 PM] Initialising intelephense 1.7.1
[Info  - 1:53:23 PM] Reading state from /var/www/html/~/.vscode-root/User/workspaceStorage/170e4aba6ae22ede1875e5fe79d00053/bmewburn.vscode-intelephense-client/17e35a7d.
[Info  - 1:53:23 PM] Initialised in 766 ms
[Info  - 1:53:23 PM] Indexing started.
[Info  - 1:53:23 PM] Indexing ended. 1 files indexed in 0s.
[Info  - 1:53:23 PM] Writing state to /var/www/html/~/.vscode-root/User/workspaceStorage/170e4aba6ae22ede1875e5fe79d00053/bmewburn.vscode-intelephense-client/17e35a7d.
[Info  - 1:53:24 PM] Wrote state in 0.6s.
[Info  - 8:55:09 AM] Indexing started.
[Info  - 8:55:09 AM] Indexing ended. 1 files indexed in 0s.
[Info  - 9:00:09 AM] Indexing started.
[Info  - 9:00:09 AM] Indexing ended. 1 files indexed in 0s.
[Info  - 9:29:13 AM] Indexing started.
[Info  - 9:29:13 AM] Indexing ended. 1 files indexed in 0s.
[Info  - 10:26:04 AM] Indexing started.
[Info  - 10:26:04 AM] Indexing ended. 1 files indexed in 0s.
[Info  - 10:35:05 AM] Indexing started.
[Info  - 10:35:05 AM] Indexing ended. 1 files indexed in 0s.
[Warn  - 10:41:27 AM] Format aborted. Parse error found.
[Warn  - 11:27:05 AM] Format aborted. Parse error found.
[Info  - 11:31:32 AM] Indexing started.
[Info  - 11:31:32 AM] Indexing ended. 1 files indexed in 0s.
