Looking for git in: git
Using git 2.27.0 from git
> git rev-parse --git-dir
Open repository: /var/www/html
> git status -z -u
> git symbolic-ref --short HEAD
> git for-each-ref --format=%(refname)%00%(upstream:short)%00%(objectname)%00%(upstream:track) refs/heads/master refs/remotes/master
> git for-each-ref --sort -committerdate --format %(refname) %(objectname) %(*objectname)
> git remote --verbose
Warning: Failed to watch ref '/var/www/html/.git/refs/remotes/origin/master', is most likely packed.
> git config --get commit.template
> git check-ignore -v -z --stdin
> git show --textconv :.htaccess
> git ls-files --stage -- /var/www/html/.htaccess
> git cat-file -s f17b1f555d25f6bf927223fef78541780a1ecb94
> git show --textconv :controllers/DashboardController.php
> git ls-files --stage -- /var/www/html/controllers/DashboardController.php
> git status -z -u
> git symbolic-ref --short HEAD
> git for-each-ref --format=%(refname)%00%(upstream:short)%00%(objectname)%00%(upstream:track) refs/heads/master refs/remotes/master
> git for-each-ref --sort -committerdate --format %(refname) %(objectname) %(*objectname)
> git remote --verbose
Warning: Failed to watch ref '/var/www/html/.git/refs/remotes/origin/master', is most likely packed.
> git config --get commit.template
> git status -z -u
> git symbolic-ref --short HEAD
> git for-each-ref --format=%(refname)%00%(upstream:short)%00%(objectname)%00%(upstream:track) refs/heads/master refs/remotes/master
> git for-each-ref --sort -committerdate --format %(refname) %(objectname) %(*objectname)
> git remote --verbose
Warning: Failed to watch ref '/var/www/html/.git/refs/remotes/origin/master', is most likely packed.
> git config --get commit.template
> git check-ignore -v -z --stdin
> git show --textconv :controllers/DashboardController.php
> git ls-files --stage -- /var/www/html/controllers/DashboardController.php
> git status -z -u
> git symbolic-ref --short HEAD
> git for-each-ref --format=%(refname)%00%(upstream:short)%00%(objectname)%00%(upstream:track) refs/heads/master refs/remotes/master
> git for-each-ref --sort -committerdate --format %(refname) %(objectname) %(*objectname)
> git remote --verbose
Warning: Failed to watch ref '/var/www/html/.git/refs/remotes/origin/master', is most likely packed.
> git config --get commit.template
> git status -z -u
> git symbolic-ref --short HEAD
> git for-each-ref --format=%(refname)%00%(upstream:short)%00%(objectname)%00%(upstream:track) refs/heads/master refs/remotes/master
> git for-each-ref --sort -committerdate --format %(refname) %(objectname) %(*objectname)
> git remote --verbose
Warning: Failed to watch ref '/var/www/html/.git/refs/remotes/origin/master', is most likely packed.
> git config --get commit.template
> git show --textconv :views/pages/dashboard.php
> git ls-files --stage -- /var/www/html/views/pages/dashboard.php
> git show --textconv :controllers/DashboardController.php
> git ls-files --stage -- /var/www/html/controllers/DashboardController.php
> git status -z -u
> git symbolic-ref --short HEAD
> git for-each-ref --format=%(refname)%00%(upstream:short)%00%(objectname)%00%(upstream:track) refs/heads/master refs/remotes/master
> git for-each-ref --sort -committerdate --format %(refname) %(objectname) %(*objectname)
> git remote --verbose
Warning: Failed to watch ref '/var/www/html/.git/refs/remotes/origin/master', is most likely packed.
> git config --get commit.template
> git status -z -u
> git symbolic-ref --short HEAD
> git for-each-ref --format=%(refname)%00%(upstream:short)%00%(objectname)%00%(upstream:track) refs/heads/master refs/remotes/master
> git for-each-ref --sort -committerdate --format %(refname) %(objectname) %(*objectname)
> git remote --verbose
Warning: Failed to watch ref '/var/www/html/.git/refs/remotes/origin/master', is most likely packed.
> git config --get commit.template
> git status -z -u
> git symbolic-ref --short HEAD
> git for-each-ref --format=%(refname)%00%(upstream:short)%00%(objectname)%00%(upstream:track) refs/heads/master refs/remotes/master
> git for-each-ref --sort -committerdate --format %(refname) %(objectname) %(*objectname)
> git remote --verbose
Warning: Failed to watch ref '/var/www/html/.git/refs/remotes/origin/master', is most likely packed.
> git config --get commit.template
> git show --textconv :views/pages/dashboard.php
> git ls-files --stage -- /var/www/html/views/pages/dashboard.php
> git show --textconv :controllers/DashboardController.php
> git ls-files --stage -- /var/www/html/controllers/DashboardController.php
> git status -z -u
> git symbolic-ref --short HEAD
> git for-each-ref --format=%(refname)%00%(upstream:short)%00%(objectname)%00%(upstream:track) refs/heads/master refs/remotes/master
> git for-each-ref --sort -committerdate --format %(refname) %(objectname) %(*objectname)
> git remote --verbose
Warning: Failed to watch ref '/var/www/html/.git/refs/remotes/origin/master', is most likely packed.
> git config --get commit.template
> git status -z -u
> git symbolic-ref --short HEAD
> git for-each-ref --format=%(refname)%00%(upstream:short)%00%(objectname)%00%(upstream:track) refs/heads/master refs/remotes/master
> git for-each-ref --sort -committerdate --format %(refname) %(objectname) %(*objectname)
> git remote --verbose
Warning: Failed to watch ref '/var/www/html/.git/refs/remotes/origin/master', is most likely packed.
> git config --get commit.template
> git status -z -u
> git symbolic-ref --short HEAD
> git for-each-ref --format=%(refname)%00%(upstream:short)%00%(objectname)%00%(upstream:track) refs/heads/master refs/remotes/master
> git for-each-ref --sort -committerdate --format %(refname) %(objectname) %(*objectname)
> git remote --verbose
Warning: Failed to watch ref '/var/www/html/.git/refs/remotes/origin/master', is most likely packed.
> git config --get commit.template
> git status -z -u
> git symbolic-ref --short HEAD
> git for-each-ref --format=%(refname)%00%(upstream:short)%00%(objectname)%00%(upstream:track) refs/heads/master refs/remotes/master
> git for-each-ref --sort -committerdate --format %(refname) %(objectname) %(*objectname)
> git remote --verbose
Warning: Failed to watch ref '/var/www/html/.git/refs/remotes/origin/master', is most likely packed.
> git config --get commit.template
> git status -z -u
> git symbolic-ref --short HEAD
> git for-each-ref --format=%(refname)%00%(upstream:short)%00%(objectname)%00%(upstream:track) refs/heads/master refs/remotes/master
> git for-each-ref --sort -committerdate --format %(refname) %(objectname) %(*objectname)
> git remote --verbose
Warning: Failed to watch ref '/var/www/html/.git/refs/remotes/origin/master', is most likely packed.
> git config --get commit.template
> git status -z -u
> git symbolic-ref --short HEAD
> git for-each-ref --format=%(refname)%00%(upstream:short)%00%(objectname)%00%(upstream:track) refs/heads/master refs/remotes/master
> git for-each-ref --sort -committerdate --format %(refname) %(objectname) %(*objectname)
> git remote --verbose
Warning: Failed to watch ref '/var/www/html/.git/refs/remotes/origin/master', is most likely packed.
> git config --get commit.template
> git show --textconv :views/pages/dashboard.php
> git ls-files --stage -- /var/www/html/views/pages/dashboard.php
> git show --textconv :controllers/DashboardController.php
> git ls-files --stage -- /var/www/html/controllers/DashboardController.php
> git show --textconv :models/PostModel.php
> git ls-files --stage -- /var/www/html/models/PostModel.php
> git status -z -u
> git symbolic-ref --short HEAD
> git for-each-ref --format=%(refname)%00%(upstream:short)%00%(objectname)%00%(upstream:track) refs/heads/master refs/remotes/master
> git for-each-ref --sort -committerdate --format %(refname) %(objectname) %(*objectname)
> git remote --verbose
Warning: Failed to watch ref '/var/www/html/.git/refs/remotes/origin/master', is most likely packed.
> git config --get commit.template
> git show --textconv :controllers/DashboardController.php
> git ls-files --stage -- /var/www/html/controllers/DashboardController.php
> git show --textconv :models/PostModel.php
> git ls-files --stage -- /var/www/html/models/PostModel.php
> git show --textconv :controllers/DashboardController.php
> git ls-files --stage -- /var/www/html/controllers/DashboardController.php
> git show --textconv :models/PostModel.php
> git ls-files --stage -- /var/www/html/models/PostModel.php
> git show --textconv :views/layouts/master2.php
> git ls-files --stage -- /var/www/html/views/layouts/master2.php
> git show --textconv :models/PostModel.php
> git ls-files --stage -- /var/www/html/models/PostModel.php
> git show --textconv :views/layouts/master2.php
> git ls-files --stage -- /var/www/html/views/layouts/master2.php
> git show --textconv :models/PostModel.php
> git ls-files --stage -- /var/www/html/models/PostModel.php
> git show --textconv :controllers/DashboardController.php
> git ls-files --stage -- /var/www/html/controllers/DashboardController.php
> git show --textconv :models/PostModel.php
> git ls-files --stage -- /var/www/html/models/PostModel.php
> git show --textconv :views/layouts/master2.php
> git ls-files --stage -- /var/www/html/views/layouts/master2.php
> git show --textconv :models/PostModel.php
> git ls-files --stage -- /var/www/html/models/PostModel.php
> git show --textconv :views/layouts/master2.php
> git ls-files --stage -- /var/www/html/views/layouts/master2.php
> git show --textconv :models/PostModel.php
> git ls-files --stage -- /var/www/html/models/PostModel.php
> git show --textconv :views/layouts/master2.php
> git ls-files --stage -- /var/www/html/views/layouts/master2.php
> git show --textconv :models/PostModel.php
> git ls-files --stage -- /var/www/html/models/PostModel.php
> git status -z -u
> git symbolic-ref --short HEAD
> git for-each-ref --format=%(refname)%00%(upstream:short)%00%(objectname)%00%(upstream:track) refs/heads/master refs/remotes/master
> git for-each-ref --sort -committerdate --format %(refname) %(objectname) %(*objectname)
> git remote --verbose
Warning: Failed to watch ref '/var/www/html/.git/refs/remotes/origin/master', is most likely packed.
> git config --get commit.template
> git status -z -u
> git symbolic-ref --short HEAD
> git for-each-ref --format=%(refname)%00%(upstream:short)%00%(objectname)%00%(upstream:track) refs/heads/master refs/remotes/master
> git for-each-ref --sort -committerdate --format %(refname) %(objectname) %(*objectname)
> git remote --verbose
Warning: Failed to watch ref '/var/www/html/.git/refs/remotes/origin/master', is most likely packed.
> git config --get commit.template
> git show --textconv :views/layouts/master2.php
> git ls-files --stage -- /var/www/html/views/layouts/master2.php
> git show --textconv :models/PostModel.php
> git ls-files --stage -- /var/www/html/models/PostModel.php
> git show --textconv :controllers/DashboardController.php
> git ls-files --stage -- /var/www/html/controllers/DashboardController.php
> git show --textconv :views/pages/dashboard.php
> git ls-files --stage -- /var/www/html/views/pages/dashboard.php
> git show --textconv :controllers/DashboardController.php
> git ls-files --stage -- /var/www/html/controllers/DashboardController.php
> git show --textconv :views/pages/dashboard.php
> git ls-files --stage -- /var/www/html/views/pages/dashboard.php
> git show --textconv :controllers/DashboardController.php
> git ls-files --stage -- /var/www/html/controllers/DashboardController.php
> git show --textconv :views/pages/dashboard.php
> git ls-files --stage -- /var/www/html/views/pages/dashboard.php
> git show --textconv :controllers/DashboardController.php
> git ls-files --stage -- /var/www/html/controllers/DashboardController.php
> git status -z -u
> git symbolic-ref --short HEAD
> git for-each-ref --format=%(refname)%00%(upstream:short)%00%(objectname)%00%(upstream:track) refs/heads/master refs/remotes/master
> git for-each-ref --sort -committerdate --format %(refname) %(objectname) %(*objectname)
> git remote --verbose
Warning: Failed to watch ref '/var/www/html/.git/refs/remotes/origin/master', is most likely packed.
> git config --get commit.template
> git status -z -u
> git symbolic-ref --short HEAD
> git for-each-ref --format=%(refname)%00%(upstream:short)%00%(objectname)%00%(upstream:track) refs/heads/master refs/remotes/master
> git for-each-ref --sort -committerdate --format %(refname) %(objectname) %(*objectname)
> git remote --verbose
Warning: Failed to watch ref '/var/www/html/.git/refs/remotes/origin/master', is most likely packed.
> git config --get commit.template
> git status -z -u
> git symbolic-ref --short HEAD
> git for-each-ref --format=%(refname)%00%(upstream:short)%00%(objectname)%00%(upstream:track) refs/heads/master refs/remotes/master
> git for-each-ref --sort -committerdate --format %(refname) %(objectname) %(*objectname)
> git remote --verbose
Warning: Failed to watch ref '/var/www/html/.git/refs/remotes/origin/master', is most likely packed.
> git config --get commit.template
> git status -z -u
> git symbolic-ref --short HEAD
> git for-each-ref --format=%(refname)%00%(upstream:short)%00%(objectname)%00%(upstream:track) refs/heads/master refs/remotes/master
> git for-each-ref --sort -committerdate --format %(refname) %(objectname) %(*objectname)
> git remote --verbose
Warning: Failed to watch ref '/var/www/html/.git/refs/remotes/origin/master', is most likely packed.
> git config --get commit.template
> git status -z -u
> git symbolic-ref --short HEAD
> git for-each-ref --format=%(refname)%00%(upstream:short)%00%(objectname)%00%(upstream:track) refs/heads/master refs/remotes/master
> git for-each-ref --sort -committerdate --format %(refname) %(objectname) %(*objectname)
> git remote --verbose
Warning: Failed to watch ref '/var/www/html/.git/refs/remotes/origin/master', is most likely packed.
> git config --get commit.template
> git status -z -u
> git symbolic-ref --short HEAD
> git for-each-ref --format=%(refname)%00%(upstream:short)%00%(objectname)%00%(upstream:track) refs/heads/master refs/remotes/master
> git for-each-ref --sort -committerdate --format %(refname) %(objectname) %(*objectname)
> git remote --verbose
Warning: Failed to watch ref '/var/www/html/.git/refs/remotes/origin/master', is most likely packed.
> git config --get commit.template
> git show --textconv :controllers/AccountController.php
> git ls-files --stage -- /var/www/html/controllers/AccountController.php
> git show --textconv :controllers/DashboardController.php
> git ls-files --stage -- /var/www/html/controllers/DashboardController.php
> git show --textconv :controllers/AccountController.php
> git ls-files --stage -- /var/www/html/controllers/AccountController.php
> git show --textconv :models/PostModel.php
> git ls-files --stage -- /var/www/html/models/PostModel.php
> git show --textconv :models/UserModel.php
> git ls-files --stage -- /var/www/html/models/UserModel.php
> git show --textconv :models/PostModel.php
> git ls-files --stage -- /var/www/html/models/PostModel.php
> git show --textconv :controllers/DashboardController.php
> git ls-files --stage -- /var/www/html/controllers/DashboardController.php
> git show --textconv :models/PostModel.php
> git ls-files --stage -- /var/www/html/models/PostModel.php
> git show --textconv :controllers/DashboardController.php
> git ls-files --stage -- /var/www/html/controllers/DashboardController.php
> git show --textconv :models/PostModel.php
> git ls-files --stage -- /var/www/html/models/PostModel.php
> git show --textconv :controllers/DashboardController.php
> git ls-files --stage -- /var/www/html/controllers/DashboardController.php
> git status -z -u
> git symbolic-ref --short HEAD
> git for-each-ref --format=%(refname)%00%(upstream:short)%00%(objectname)%00%(upstream:track) refs/heads/master refs/remotes/master
> git for-each-ref --sort -committerdate --format %(refname) %(objectname) %(*objectname)
> git remote --verbose
Warning: Failed to watch ref '/var/www/html/.git/refs/remotes/origin/master', is most likely packed.
> git config --get commit.template
> git show --textconv :controllers/DashboardController.php
> git ls-files --stage -- /var/www/html/controllers/DashboardController.php
> git status -z -u
> git symbolic-ref --short HEAD
> git for-each-ref --format=%(refname)%00%(upstream:short)%00%(objectname)%00%(upstream:track) refs/heads/master refs/remotes/master
> git for-each-ref --sort -committerdate --format %(refname) %(objectname) %(*objectname)
> git remote --verbose
Warning: Failed to watch ref '/var/www/html/.git/refs/remotes/origin/master', is most likely packed.
> git config --get commit.template
> git status -z -u
> git symbolic-ref --short HEAD
> git for-each-ref --format=%(refname)%00%(upstream:short)%00%(objectname)%00%(upstream:track) refs/heads/master refs/remotes/master
> git for-each-ref --sort -committerdate --format %(refname) %(objectname) %(*objectname)
> git remote --verbose
Warning: Failed to watch ref '/var/www/html/.git/refs/remotes/origin/master', is most likely packed.
> git config --get commit.template
> git show --textconv :models/PostModel.php
> git ls-files --stage -- /var/www/html/models/PostModel.php
> git show --textconv :views/layouts/master2.php
> git ls-files --stage -- /var/www/html/views/layouts/master2.php
> git show --textconv :models/PostModel.php
> git ls-files --stage -- /var/www/html/models/PostModel.php
> git status -z -u
> git symbolic-ref --short HEAD
> git for-each-ref --format=%(refname)%00%(upstream:short)%00%(objectname)%00%(upstream:track) refs/heads/master refs/remotes/master
> git for-each-ref --sort -committerdate --format %(refname) %(objectname) %(*objectname)
> git remote --verbose
Warning: Failed to watch ref '/var/www/html/.git/refs/remotes/origin/master', is most likely packed.
> git config --get commit.template
> git status -z -u
> git symbolic-ref --short HEAD
> git for-each-ref --format=%(refname)%00%(upstream:short)%00%(objectname)%00%(upstream:track) refs/heads/master refs/remotes/master
> git for-each-ref --sort -committerdate --format %(refname) %(objectname) %(*objectname)
> git remote --verbose
Warning: Failed to watch ref '/var/www/html/.git/refs/remotes/origin/master', is most likely packed.
> git config --get commit.template
> git status -z -u
> git symbolic-ref --short HEAD
> git for-each-ref --format=%(refname)%00%(upstream:short)%00%(objectname)%00%(upstream:track) refs/heads/master refs/remotes/master
> git for-each-ref --sort -committerdate --format %(refname) %(objectname) %(*objectname)
> git remote --verbose
Warning: Failed to watch ref '/var/www/html/.git/refs/remotes/origin/master', is most likely packed.
> git config --get commit.template
> git status -z -u
> git symbolic-ref --short HEAD
> git for-each-ref --format=%(refname)%00%(upstream:short)%00%(objectname)%00%(upstream:track) refs/heads/master refs/remotes/master
> git for-each-ref --sort -committerdate --format %(refname) %(objectname) %(*objectname)
> git remote --verbose
Warning: Failed to watch ref '/var/www/html/.git/refs/remotes/origin/master', is most likely packed.
> git config --get commit.template
> git status -z -u
> git symbolic-ref --short HEAD
> git for-each-ref --format=%(refname)%00%(upstream:short)%00%(objectname)%00%(upstream:track) refs/heads/master refs/remotes/master
> git for-each-ref --sort -committerdate --format %(refname) %(objectname) %(*objectname)
> git remote --verbose
Warning: Failed to watch ref '/var/www/html/.git/refs/remotes/origin/master', is most likely packed.
> git config --get commit.template
> git show --textconv :controllers/DashboardController.php
> git ls-files --stage -- /var/www/html/controllers/DashboardController.php
> git status -z -u
> git symbolic-ref --short HEAD
> git for-each-ref --format=%(refname)%00%(upstream:short)%00%(objectname)%00%(upstream:track) refs/heads/master refs/remotes/master
> git for-each-ref --sort -committerdate --format %(refname) %(objectname) %(*objectname)
> git remote --verbose
Warning: Failed to watch ref '/var/www/html/.git/refs/remotes/origin/master', is most likely packed.
> git config --get commit.template
> git show --textconv :controllers/DashboardController.php
> git ls-files --stage -- /var/www/html/controllers/DashboardController.php
> git status -z -u
> git symbolic-ref --short HEAD
> git for-each-ref --format=%(refname)%00%(upstream:short)%00%(objectname)%00%(upstream:track) refs/heads/master refs/remotes/master
> git for-each-ref --sort -committerdate --format %(refname) %(objectname) %(*objectname)
> git remote --verbose
Warning: Failed to watch ref '/var/www/html/.git/refs/remotes/origin/master', is most likely packed.
> git config --get commit.template
> git status -z -u
> git symbolic-ref --short HEAD
> git for-each-ref --format=%(refname)%00%(upstream:short)%00%(objectname)%00%(upstream:track) refs/heads/master refs/remotes/master
> git for-each-ref --sort -committerdate --format %(refname) %(objectname) %(*objectname)
> git remote --verbose
Warning: Failed to watch ref '/var/www/html/.git/refs/remotes/origin/master', is most likely packed.
> git config --get commit.template
> git show --textconv :controllers/DashboardController.php
> git ls-files --stage -- /var/www/html/controllers/DashboardController.php
> git status -z -u
> git symbolic-ref --short HEAD
> git for-each-ref --format=%(refname)%00%(upstream:short)%00%(objectname)%00%(upstream:track) refs/heads/master refs/remotes/master
> git for-each-ref --sort -committerdate --format %(refname) %(objectname) %(*objectname)
> git remote --verbose
Warning: Failed to watch ref '/var/www/html/.git/refs/remotes/origin/master', is most likely packed.
> git config --get commit.template
> git status -z -u
> git symbolic-ref --short HEAD
> git for-each-ref --format=%(refname)%00%(upstream:short)%00%(objectname)%00%(upstream:track) refs/heads/master refs/remotes/master
> git for-each-ref --sort -committerdate --format %(refname) %(objectname) %(*objectname)
> git remote --verbose
Warning: Failed to watch ref '/var/www/html/.git/refs/remotes/origin/master', is most likely packed.
> git config --get commit.template
> git status -z -u
> git symbolic-ref --short HEAD
> git for-each-ref --format=%(refname)%00%(upstream:short)%00%(objectname)%00%(upstream:track) refs/heads/master refs/remotes/master
> git for-each-ref --sort -committerdate --format %(refname) %(objectname) %(*objectname)
> git remote --verbose
Warning: Failed to watch ref '/var/www/html/.git/refs/remotes/origin/master', is most likely packed.
> git config --get commit.template
> git status -z -u
> git symbolic-ref --short HEAD
> git for-each-ref --format=%(refname)%00%(upstream:short)%00%(objectname)%00%(upstream:track) refs/heads/master refs/remotes/master
> git for-each-ref --sort -committerdate --format %(refname) %(objectname) %(*objectname)
> git remote --verbose
Warning: Failed to watch ref '/var/www/html/.git/refs/remotes/origin/master', is most likely packed.
> git config --get commit.template
> git check-ignore -v -z --stdin
