[Info  - 11:55:07 PM] Initialising intelephense 1.7.1
[Info  - 11:55:07 PM] Reading state from /var/www/html/~/.vscode-root/User/workspaceStorage/170e4aba6ae22ede1875e5fe79d00053/bmewburn.vscode-intelephense-client/17e35a7d.
[Info  - 11:55:08 PM] Initialised in 1364 ms
[Info  - 11:55:08 PM] Indexing started.
[Info  - 11:55:08 PM] Indexing ended. 16 files indexed in 0s.
[Info  - 11:55:08 PM] Writing state to /var/www/html/~/.vscode-root/User/workspaceStorage/170e4aba6ae22ede1875e5fe79d00053/bmewburn.vscode-intelephense-client/17e35a7d.
[Info  - 11:55:09 PM] Wrote state in 0.3s.
[Info  - 10:30:20 AM] Indexing started.
[Info  - 10:30:21 AM] Indexing ended. 1 files indexed in 0s.
[Info  - 10:32:36 AM] Indexing started.
[Info  - 10:32:36 AM] Indexing ended. 1 files indexed in 0s.
[Warn  - 11:44:42 AM] Format aborted. Parse error found.
[Warn  - 11:44:59 AM] Format aborted. Parse error found.
[Warn  - 11:46:08 AM] Format aborted. Parse error found.
[Warn  - 11:46:12 AM] Format aborted. Parse error found.
[Warn  - 11:56:25 AM] Format aborted. Parse error found.
[Warn  - 11:56:30 AM] Format aborted. Parse error found.
[Warn  - 1:24:01 PM] Format aborted. Parse error found.
[Warn  - 1:35:14 PM] Format aborted. Parse error found.
[Info  - 6:34:04 PM] Indexing started.
[Info  - 6:34:04 PM] Indexing ended. 1 files indexed in 0s.
[Info  - 6:34:20 PM] Indexing started.
[Info  - 6:34:21 PM] Indexing ended. 1 files indexed in 0s.
