["INFO" - 11:55:07 PM] Extension Name: esbenp.prettier-vscode.
["INFO" - 11:55:07 PM] Extension Version: 8.0.1.
["INFO" - 11:30:00 AM] Formatting /var/www/html/assets/css/style.css
["INFO" - 11:30:00 AM] Using ignore file (if present) at /var/www/html/.prettierignore
["INFO" - 11:30:00 AM] File Info:
{
  "ignored": false,
  "inferredParser": "css"
}
["INFO" - 11:30:00 AM] No local configuration (i.e. .prettierrc or .editorconfig) detected, falling back to VS Code configuration
["INFO" - 11:30:00 AM] Prettier Options:
{
  "arrowParens": "always",
  "bracketSpacing": true,
  "endOfLine": "lf",
  "htmlWhitespaceSensitivity": "css",
  "insertPragma": false,
  "jsxBracketSameLine": false,
  "jsxSingleQuote": false,
  "printWidth": 80,
  "proseWrap": "preserve",
  "quoteProps": "as-needed",
  "requirePragma": false,
  "semi": true,
  "singleQuote": false,
  "tabWidth": 2,
  "trailingComma": "es5",
  "useTabs": false,
  "vueIndentScriptAndStyle": false,
  "filepath": "/var/www/html/assets/css/style.css",
  "parser": "css"
}
["INFO" - 11:30:00 AM] Formatting completed in 252.148625ms.
