[2021-07-02 13:53:20.688] [exthost] [info] extension host started
[2021-07-02 13:53:20.958] [exthost] [info] ExtensionService#_doActivateExtension vscode.microsoft-authentication {"startup":false,"extensionId":{"value":"vscode.microsoft-authentication","_lower":"vscode.microsoft-authentication"},"activationEvent":"onAuthenticationRequest:microsoft"}
[2021-07-02 13:53:20.958] [exthost] [info] ExtensionService#loadCommonJSModule file:///snap/code/67/usr/share/code/resources/app/extensions/microsoft-authentication/dist/extension.js
[2021-07-02 13:53:20.979] [exthost] [info] ExtensionService#_doActivateExtension vscode.php-language-features {"startup":false,"extensionId":{"value":"vscode.php-language-features","_lower":"vscode.php-language-features"},"activationEvent":"onLanguage:php"}
[2021-07-02 13:53:20.979] [exthost] [info] ExtensionService#loadCommonJSModule file:///snap/code/67/usr/share/code/resources/app/extensions/php-language-features/dist/phpMain
[2021-07-02 13:53:20.996] [exthost] [info] ExtensionService#_doActivateExtension bmewburn.vscode-intelephense-client {"startup":false,"extensionId":{"value":"bmewburn.vscode-intelephense-client","_lower":"bmewburn.vscode-intelephense-client"},"activationEvent":"onLanguage:php"}
[2021-07-02 13:53:20.996] [exthost] [info] ExtensionService#loadCommonJSModule file:///root/.vscode/extensions/bmewburn.vscode-intelephense-client-1.7.1/lib/extension
[2021-07-02 13:53:21.022] [exthost] [info] ExtensionService#_doActivateExtension vscode.debug-auto-launch {"startup":true,"extensionId":{"value":"vscode.debug-auto-launch","_lower":"vscode.debug-auto-launch"},"activationEvent":"*"}
[2021-07-02 13:53:21.023] [exthost] [info] ExtensionService#loadCommonJSModule file:///snap/code/67/usr/share/code/resources/app/extensions/debug-auto-launch/dist/extension
[2021-07-02 13:53:21.032] [exthost] [info] ExtensionService#_doActivateExtension vscode.git {"startup":true,"extensionId":{"value":"vscode.github","_lower":"vscode.github"},"activationEvent":"*"}
[2021-07-02 13:53:21.033] [exthost] [info] ExtensionService#loadCommonJSModule file:///snap/code/67/usr/share/code/resources/app/extensions/git/dist/main
[2021-07-02 13:53:21.630] [exthost] [warning] [Decorations] CAPPING events from decorations provider vscode.git 542
[2021-07-02 13:53:22.140] [exthost] [info] ExtensionService#_doActivateExtension vscode.github {"startup":true,"extensionId":{"value":"vscode.github","_lower":"vscode.github"},"activationEvent":"*"}
[2021-07-02 13:53:22.140] [exthost] [info] ExtensionService#loadCommonJSModule file:///snap/code/67/usr/share/code/resources/app/extensions/github/dist/extension.js
[2021-07-02 13:53:22.361] [exthost] [info] eager extensions activated
[2021-07-02 13:53:22.389] [exthost] [info] ExtensionService#_doActivateExtension ms-vscode.js-debug {"startup":false,"extensionId":{"value":"ms-vscode.js-debug","_lower":"ms-vscode.js-debug"},"activationEvent":"onCommand:extension.js-debug.clearAutoAttachVariables"}
[2021-07-02 13:53:22.389] [exthost] [info] ExtensionService#loadCommonJSModule file:///snap/code/67/usr/share/code/resources/app/extensions/ms-vscode.js-debug/src/extension.js
[2021-07-02 13:53:22.786] [exthost] [info] ExtensionService#_doActivateExtension vscode.emmet {"startup":false,"extensionId":{"value":"vscode.emmet","_lower":"vscode.emmet"},"activationEvent":"onStartupFinished"}
[2021-07-02 13:53:22.786] [exthost] [info] ExtensionService#loadCommonJSModule file:///snap/code/67/usr/share/code/resources/app/extensions/emmet/dist/node/emmetNodeMain
[2021-07-02 13:53:22.824] [exthost] [info] ExtensionService#_doActivateExtension vscode.merge-conflict {"startup":false,"extensionId":{"value":"vscode.merge-conflict","_lower":"vscode.merge-conflict"},"activationEvent":"onStartupFinished"}
[2021-07-02 13:53:22.825] [exthost] [info] ExtensionService#loadCommonJSModule file:///snap/code/67/usr/share/code/resources/app/extensions/merge-conflict/dist/mergeConflictMain
[2021-07-02 13:53:22.863] [exthost] [info] ExtensionService#_doActivateExtension vscode.testing-editor-contributions {"startup":false,"extensionId":{"value":"vscode.testing-editor-contributions","_lower":"vscode.testing-editor-contributions"},"activationEvent":"onStartupFinished"}
[2021-07-02 13:53:22.863] [exthost] [info] ExtensionService#loadCommonJSModule file:///snap/code/67/usr/share/code/resources/app/extensions/testing-editor-contributions/dist/extension.js
[2021-07-02 13:53:22.876] [exthost] [info] ExtensionService#_doActivateExtension esbenp.prettier-vscode {"startup":false,"extensionId":{"value":"esbenp.prettier-vscode","_lower":"esbenp.prettier-vscode"},"activationEvent":"onStartupFinished"}
[2021-07-02 13:53:22.876] [exthost] [info] ExtensionService#loadCommonJSModule file:///root/.vscode/extensions/esbenp.prettier-vscode-8.0.1/dist/extension
[2021-07-02 13:53:23.314] [exthost] [info] ExtensionService#_doActivateExtension vscode.github-authentication {"startup":false,"extensionId":{"value":"vscode.github-authentication","_lower":"vscode.github-authentication"},"activationEvent":"onAuthenticationRequest:github"}
[2021-07-02 13:53:23.314] [exthost] [info] ExtensionService#loadCommonJSModule file:///snap/code/67/usr/share/code/resources/app/extensions/github-authentication/dist/extension.js
[2021-07-02 13:54:13.485] [exthost] [warning] [Decorations] CAPPING events from decorations provider vscode.git 545
[2021-07-02 13:54:43.217] [exthost] [warning] [Decorations] CAPPING events from decorations provider vscode.git 545
[2021-07-02 14:14:53.044] [exthost] [warning] [Decorations] CAPPING events from decorations provider vscode.git 545
[2021-07-02 14:15:56.579] [exthost] [warning] [Decorations] CAPPING events from decorations provider vscode.git 545
[2021-07-02 14:17:01.625] [exthost] [warning] [Decorations] CAPPING events from decorations provider vscode.git 545
[2021-07-02 14:17:47.980] [exthost] [warning] [Decorations] CAPPING events from decorations provider vscode.git 545
[2021-07-02 14:18:56.987] [exthost] [warning] [Decorations] CAPPING events from decorations provider vscode.git 545
[2021-07-02 14:19:03.440] [exthost] [warning] [Decorations] CAPPING events from decorations provider vscode.git 545
[2021-07-02 14:19:50.044] [exthost] [warning] [Decorations] CAPPING events from decorations provider vscode.git 545
[2021-07-02 14:20:18.754] [exthost] [warning] [Decorations] CAPPING events from decorations provider vscode.git 545
[2021-07-02 14:21:12.108] [exthost] [warning] [Decorations] CAPPING events from decorations provider vscode.git 545
[2021-07-02 14:21:31.894] [exthost] [warning] [Decorations] CAPPING events from decorations provider vscode.git 545
[2021-07-02 14:23:36.129] [exthost] [warning] [Decorations] CAPPING events from decorations provider vscode.git 545
[2021-07-02 14:24:54.337] [exthost] [warning] [Decorations] CAPPING events from decorations provider vscode.git 545
[2021-07-02 14:25:42.189] [exthost] [warning] [Decorations] CAPPING events from decorations provider vscode.git 545
[2021-07-02 14:26:04.614] [exthost] [warning] [Decorations] CAPPING events from decorations provider vscode.git 545
[2021-07-02 14:26:15.821] [exthost] [warning] [Decorations] CAPPING events from decorations provider vscode.git 545
[2021-07-02 23:56:55.688] [exthost] [warning] [Decorations] CAPPING events from decorations provider vscode.git 546
[2021-07-03 00:11:01.403] [exthost] [warning] [Decorations] CAPPING events from decorations provider vscode.git 546
[2021-07-03 00:11:19.764] [exthost] [warning] [Decorations] CAPPING events from decorations provider vscode.git 546
[2021-07-03 00:15:22.211] [exthost] [warning] [Decorations] CAPPING events from decorations provider vscode.git 546
[2021-07-03 00:15:33.984] [exthost] [warning] [Decorations] CAPPING events from decorations provider vscode.git 546
[2021-07-03 00:15:40.542] [exthost] [warning] [Decorations] CAPPING events from decorations provider vscode.git 546
[2021-07-03 00:15:45.617] [exthost] [warning] [Decorations] CAPPING events from decorations provider vscode.git 546
[2021-07-03 00:15:51.099] [exthost] [warning] [Decorations] CAPPING events from decorations provider vscode.git 547
[2021-07-03 00:15:57.207] [exthost] [warning] [Decorations] CAPPING events from decorations provider vscode.git 547
[2021-07-03 00:16:07.721] [exthost] [error] [bmewburn.vscode-intelephense-client] provider FAILED
[2021-07-03 00:16:07.766] [exthost] [error] Canceled: Canceled
	at w.makeCancelError (/root/.vscode/extensions/bmewburn.vscode-intelephense-client-1.7.1/lib/extension.js:1:128391)
	at w.handleFailedRequest (/root/.vscode/extensions/bmewburn.vscode-intelephense-client-1.7.1/lib/extension.js:1:128242)
	at /root/.vscode/extensions/bmewburn.vscode-intelephense-client-1.7.1/lib/extension.js:1:93115
[2021-07-03 00:16:19.762] [exthost] [error] [bmewburn.vscode-intelephense-client] provider FAILED
[2021-07-03 00:16:19.763] [exthost] [error] Canceled: Canceled
	at w.makeCancelError (/root/.vscode/extensions/bmewburn.vscode-intelephense-client-1.7.1/lib/extension.js:1:128391)
	at w.handleFailedRequest (/root/.vscode/extensions/bmewburn.vscode-intelephense-client-1.7.1/lib/extension.js:1:128242)
	at /root/.vscode/extensions/bmewburn.vscode-intelephense-client-1.7.1/lib/extension.js:1:93115
[2021-07-03 00:17:04.051] [exthost] [warning] [Decorations] CAPPING events from decorations provider vscode.git 546
[2021-07-03 00:17:09.170] [exthost] [warning] [Decorations] CAPPING events from decorations provider vscode.git 545
[2021-07-03 00:20:05.838] [exthost] [warning] [Decorations] CAPPING events from decorations provider vscode.git 545
[2021-07-03 00:20:11.504] [exthost] [warning] [Decorations] CAPPING events from decorations provider vscode.git 545
[2021-07-03 00:20:17.149] [exthost] [warning] [Decorations] CAPPING events from decorations provider vscode.git 545
[2021-07-03 00:21:45.382] [exthost] [error] [bmewburn.vscode-intelephense-client] provider FAILED
[2021-07-03 00:21:45.387] [exthost] [error] Canceled: Canceled
	at w.makeCancelError (/root/.vscode/extensions/bmewburn.vscode-intelephense-client-1.7.1/lib/extension.js:1:128391)
	at w.handleFailedRequest (/root/.vscode/extensions/bmewburn.vscode-intelephense-client-1.7.1/lib/extension.js:1:128242)
	at /root/.vscode/extensions/bmewburn.vscode-intelephense-client-1.7.1/lib/extension.js:1:93115
[2021-07-03 00:21:45.744] [exthost] [warning] [Decorations] CAPPING events from decorations provider vscode.git 545
[2021-07-03 00:21:55.243] [exthost] [warning] [Decorations] CAPPING events from decorations provider vscode.git 545
[2021-07-03 00:30:10.966] [exthost] [warning] [Decorations] CAPPING events from decorations provider vscode.git 545
[2021-07-03 00:30:34.008] [exthost] [warning] [Decorations] CAPPING events from decorations provider vscode.git 545
[2021-07-03 00:32:33.849] [exthost] [warning] [Decorations] CAPPING events from decorations provider vscode.git 545
[2021-07-03 00:39:20.108] [exthost] [warning] [Decorations] CAPPING events from decorations provider vscode.git 545
[2021-07-03 00:40:22.471] [exthost] [warning] [Decorations] CAPPING events from decorations provider vscode.git 545
[2021-07-03 00:40:32.885] [exthost] [warning] [Decorations] CAPPING events from decorations provider vscode.git 545
[2021-07-03 00:40:56.570] [exthost] [warning] [Decorations] CAPPING events from decorations provider vscode.git 545
[2021-07-03 00:41:15.569] [exthost] [warning] [Decorations] CAPPING events from decorations provider vscode.git 545
[2021-07-03 00:41:32.424] [exthost] [warning] [Decorations] CAPPING events from decorations provider vscode.git 545
[2021-07-03 00:42:31.779] [exthost] [warning] [Decorations] CAPPING events from decorations provider vscode.git 545
[2021-07-03 00:42:36.858] [exthost] [warning] [Decorations] CAPPING events from decorations provider vscode.git 546
[2021-07-03 00:42:47.414] [exthost] [warning] [Decorations] CAPPING events from decorations provider vscode.git 546
[2021-07-03 00:42:54.353] [exthost] [warning] [Decorations] CAPPING events from decorations provider vscode.git 545
[2021-07-03 00:43:03.167] [exthost] [warning] [Decorations] CAPPING events from decorations provider vscode.git 545
[2021-07-03 00:43:10.308] [exthost] [warning] [Decorations] CAPPING events from decorations provider vscode.git 545
[2021-07-03 00:43:52.028] [exthost] [warning] [Decorations] CAPPING events from decorations provider vscode.git 545
[2021-07-03 00:44:06.579] [exthost] [info] ExtensionService#_doActivateExtension vscode.configuration-editing {"startup":false,"extensionId":{"value":"vscode.configuration-editing","_lower":"vscode.configuration-editing"},"activationEvent":"onLanguage:jsonc"}
[2021-07-03 00:44:06.584] [exthost] [info] ExtensionService#loadCommonJSModule file:///snap/code/67/usr/share/code/resources/app/extensions/configuration-editing/dist/configurationEditingMain
[2021-07-03 00:44:06.626] [exthost] [info] ExtensionService#_doActivateExtension vscode.json-language-features {"startup":false,"extensionId":{"value":"vscode.json-language-features","_lower":"vscode.json-language-features"},"activationEvent":"onLanguage:jsonc"}
[2021-07-03 00:44:06.627] [exthost] [info] ExtensionService#loadCommonJSModule file:///snap/code/67/usr/share/code/resources/app/extensions/json-language-features/client/dist/node/jsonClientMain
[2021-07-03 00:44:06.669] [exthost] [info] ExtensionService#_doActivateExtension vscode.typescript-language-features {"startup":false,"extensionId":{"value":"vscode.typescript-language-features","_lower":"vscode.typescript-language-features"},"activationEvent":"onLanguage:jsonc"}
[2021-07-03 00:44:06.670] [exthost] [info] ExtensionService#loadCommonJSModule file:///snap/code/67/usr/share/code/resources/app/extensions/typescript-language-features/dist/extension
[2021-07-03 00:44:07.955] [exthost] [warning] [Decorations] CAPPING events from decorations provider vscode.git 545
[2021-07-03 00:44:21.832] [exthost] [warning] [Decorations] CAPPING events from decorations provider vscode.git 545
[2021-07-03 00:44:26.915] [exthost] [warning] [Decorations] CAPPING events from decorations provider vscode.git 545
[2021-07-03 00:45:02.253] [exthost] [warning] [Decorations] CAPPING events from decorations provider vscode.git 545
[2021-07-03 00:45:45.089] [exthost] [error] [bmewburn.vscode-intelephense-client] provider FAILED
[2021-07-03 00:45:45.092] [exthost] [error] Canceled: Canceled
	at w.makeCancelError (/root/.vscode/extensions/bmewburn.vscode-intelephense-client-1.7.1/lib/extension.js:1:128391)
	at w.handleFailedRequest (/root/.vscode/extensions/bmewburn.vscode-intelephense-client-1.7.1/lib/extension.js:1:128242)
	at /root/.vscode/extensions/bmewburn.vscode-intelephense-client-1.7.1/lib/extension.js:1:93115
[2021-07-03 00:46:28.513] [exthost] [warning] [Decorations] CAPPING events from decorations provider vscode.git 545
[2021-07-03 00:46:33.612] [exthost] [warning] [Decorations] CAPPING events from decorations provider vscode.git 545
[2021-07-03 00:47:04.305] [exthost] [warning] [Decorations] CAPPING events from decorations provider vscode.git 545
[2021-07-03 00:47:37.092] [exthost] [warning] [Decorations] CAPPING events from decorations provider vscode.git 545
[2021-07-03 00:53:46.481] [exthost] [warning] [Decorations] CAPPING events from decorations provider vscode.git 545
[2021-07-03 00:53:58.180] [exthost] [error] [bmewburn.vscode-intelephense-client] provider FAILED
[2021-07-03 00:53:58.180] [exthost] [error] Canceled: Canceled
	at w.makeCancelError (/root/.vscode/extensions/bmewburn.vscode-intelephense-client-1.7.1/lib/extension.js:1:128391)
	at w.handleFailedRequest (/root/.vscode/extensions/bmewburn.vscode-intelephense-client-1.7.1/lib/extension.js:1:128242)
	at /root/.vscode/extensions/bmewburn.vscode-intelephense-client-1.7.1/lib/extension.js:1:93115
[2021-07-03 00:54:05.294] [exthost] [error] [bmewburn.vscode-intelephense-client] provider FAILED
[2021-07-03 00:54:05.294] [exthost] [error] Canceled: Canceled
	at w.makeCancelError (/root/.vscode/extensions/bmewburn.vscode-intelephense-client-1.7.1/lib/extension.js:1:128391)
	at w.handleFailedRequest (/root/.vscode/extensions/bmewburn.vscode-intelephense-client-1.7.1/lib/extension.js:1:128242)
	at /root/.vscode/extensions/bmewburn.vscode-intelephense-client-1.7.1/lib/extension.js:1:93115
[2021-07-03 00:54:13.087] [exthost] [error] [bmewburn.vscode-intelephense-client] provider FAILED
[2021-07-03 00:54:13.087] [exthost] [error] Canceled: Canceled
	at w.makeCancelError (/root/.vscode/extensions/bmewburn.vscode-intelephense-client-1.7.1/lib/extension.js:1:128391)
	at w.handleFailedRequest (/root/.vscode/extensions/bmewburn.vscode-intelephense-client-1.7.1/lib/extension.js:1:128242)
	at /root/.vscode/extensions/bmewburn.vscode-intelephense-client-1.7.1/lib/extension.js:1:93115
[2021-07-03 08:49:11.807] [exthost] [error] [bmewburn.vscode-intelephense-client] provider FAILED
[2021-07-03 08:49:11.810] [exthost] [error] Canceled: Canceled
	at w.makeCancelError (/root/.vscode/extensions/bmewburn.vscode-intelephense-client-1.7.1/lib/extension.js:1:128391)
	at w.handleFailedRequest (/root/.vscode/extensions/bmewburn.vscode-intelephense-client-1.7.1/lib/extension.js:1:128242)
	at /root/.vscode/extensions/bmewburn.vscode-intelephense-client-1.7.1/lib/extension.js:1:93115
[2021-07-03 08:49:13.770] [exthost] [error] [bmewburn.vscode-intelephense-client] provider FAILED
[2021-07-03 08:49:13.771] [exthost] [error] Canceled: Canceled
	at w.makeCancelError (/root/.vscode/extensions/bmewburn.vscode-intelephense-client-1.7.1/lib/extension.js:1:128391)
	at w.handleFailedRequest (/root/.vscode/extensions/bmewburn.vscode-intelephense-client-1.7.1/lib/extension.js:1:128242)
	at /root/.vscode/extensions/bmewburn.vscode-intelephense-client-1.7.1/lib/extension.js:1:93115
[2021-07-03 08:50:14.819] [exthost] [warning] [Decorations] CAPPING events from decorations provider vscode.git 545
[2021-07-03 08:55:09.881] [exthost] [warning] [Decorations] CAPPING events from decorations provider vscode.git 546
[2021-07-03 08:55:55.624] [exthost] [warning] [Decorations] CAPPING events from decorations provider vscode.git 546
[2021-07-03 08:57:03.617] [exthost] [warning] [Decorations] CAPPING events from decorations provider vscode.git 546
[2021-07-03 08:57:16.723] [exthost] [warning] [Decorations] CAPPING events from decorations provider vscode.git 546
[2021-07-03 08:57:27.060] [exthost] [warning] [Decorations] CAPPING events from decorations provider vscode.git 546
[2021-07-03 08:58:10.213] [exthost] [warning] [Decorations] CAPPING events from decorations provider vscode.git 546
[2021-07-03 08:58:26.763] [exthost] [warning] [Decorations] CAPPING events from decorations provider vscode.git 546
[2021-07-03 08:58:42.281] [exthost] [error] [bmewburn.vscode-intelephense-client] provider FAILED
[2021-07-03 08:58:42.282] [exthost] [error] Canceled: Canceled
	at w.makeCancelError (/root/.vscode/extensions/bmewburn.vscode-intelephense-client-1.7.1/lib/extension.js:1:128391)
	at w.handleFailedRequest (/root/.vscode/extensions/bmewburn.vscode-intelephense-client-1.7.1/lib/extension.js:1:128242)
	at /root/.vscode/extensions/bmewburn.vscode-intelephense-client-1.7.1/lib/extension.js:1:93115
[2021-07-03 08:58:49.684] [exthost] [warning] [Decorations] CAPPING events from decorations provider vscode.git 546
[2021-07-03 09:00:10.034] [exthost] [warning] [Decorations] CAPPING events from decorations provider vscode.git 547
[2021-07-03 09:00:33.322] [exthost] [error] [bmewburn.vscode-intelephense-client] provider FAILED
[2021-07-03 09:00:33.324] [exthost] [error] Canceled: Canceled
	at w.makeCancelError (/root/.vscode/extensions/bmewburn.vscode-intelephense-client-1.7.1/lib/extension.js:1:128391)
	at w.handleFailedRequest (/root/.vscode/extensions/bmewburn.vscode-intelephense-client-1.7.1/lib/extension.js:1:128242)
	at /root/.vscode/extensions/bmewburn.vscode-intelephense-client-1.7.1/lib/extension.js:1:93115
[2021-07-03 09:00:36.703] [exthost] [warning] [Decorations] CAPPING events from decorations provider vscode.git 548
[2021-07-03 09:00:41.799] [exthost] [warning] [Decorations] CAPPING events from decorations provider vscode.git 548
[2021-07-03 09:00:44.471] [exthost] [error] [bmewburn.vscode-intelephense-client] provider FAILED
[2021-07-03 09:00:44.472] [exthost] [error] Canceled: Canceled
	at w.makeCancelError (/root/.vscode/extensions/bmewburn.vscode-intelephense-client-1.7.1/lib/extension.js:1:128391)
	at w.handleFailedRequest (/root/.vscode/extensions/bmewburn.vscode-intelephense-client-1.7.1/lib/extension.js:1:128242)
	at /root/.vscode/extensions/bmewburn.vscode-intelephense-client-1.7.1/lib/extension.js:1:93115
[2021-07-03 09:00:48.846] [exthost] [error] [bmewburn.vscode-intelephense-client] provider FAILED
[2021-07-03 09:00:48.846] [exthost] [error] Canceled: Canceled
	at w.makeCancelError (/root/.vscode/extensions/bmewburn.vscode-intelephense-client-1.7.1/lib/extension.js:1:128391)
	at w.handleFailedRequest (/root/.vscode/extensions/bmewburn.vscode-intelephense-client-1.7.1/lib/extension.js:1:128242)
	at /root/.vscode/extensions/bmewburn.vscode-intelephense-client-1.7.1/lib/extension.js:1:93115
[2021-07-03 09:00:49.669] [exthost] [error] [bmewburn.vscode-intelephense-client] provider FAILED
[2021-07-03 09:00:49.670] [exthost] [error] Canceled: Canceled
	at w.makeCancelError (/root/.vscode/extensions/bmewburn.vscode-intelephense-client-1.7.1/lib/extension.js:1:128391)
	at w.handleFailedRequest (/root/.vscode/extensions/bmewburn.vscode-intelephense-client-1.7.1/lib/extension.js:1:128242)
	at /root/.vscode/extensions/bmewburn.vscode-intelephense-client-1.7.1/lib/extension.js:1:93115
[2021-07-03 09:00:54.663] [exthost] [error] [bmewburn.vscode-intelephense-client] provider FAILED
[2021-07-03 09:00:54.663] [exthost] [error] Canceled: Canceled
	at w.makeCancelError (/root/.vscode/extensions/bmewburn.vscode-intelephense-client-1.7.1/lib/extension.js:1:128391)
	at w.handleFailedRequest (/root/.vscode/extensions/bmewburn.vscode-intelephense-client-1.7.1/lib/extension.js:1:128242)
	at /root/.vscode/extensions/bmewburn.vscode-intelephense-client-1.7.1/lib/extension.js:1:93115
[2021-07-03 09:00:59.753] [exthost] [warning] [Decorations] CAPPING events from decorations provider vscode.git 547
[2021-07-03 09:01:53.499] [exthost] [warning] [Decorations] CAPPING events from decorations provider vscode.git 547
[2021-07-03 09:01:59.051] [exthost] [warning] [Decorations] CAPPING events from decorations provider vscode.git 547
[2021-07-03 09:02:33.698] [exthost] [warning] [Decorations] CAPPING events from decorations provider vscode.git 547
[2021-07-03 09:02:50.214] [exthost] [warning] [Decorations] CAPPING events from decorations provider vscode.git 547
[2021-07-03 09:03:03.565] [exthost] [error] [bmewburn.vscode-intelephense-client] provider FAILED
[2021-07-03 09:03:03.565] [exthost] [error] Canceled: Canceled
	at w.makeCancelError (/root/.vscode/extensions/bmewburn.vscode-intelephense-client-1.7.1/lib/extension.js:1:128391)
	at w.handleFailedRequest (/root/.vscode/extensions/bmewburn.vscode-intelephense-client-1.7.1/lib/extension.js:1:128242)
	at /root/.vscode/extensions/bmewburn.vscode-intelephense-client-1.7.1/lib/extension.js:1:93115
[2021-07-03 09:03:28.427] [exthost] [warning] [Decorations] CAPPING events from decorations provider vscode.git 547
[2021-07-03 09:03:51.284] [exthost] [error] [bmewburn.vscode-intelephense-client] provider FAILED
[2021-07-03 09:03:51.285] [exthost] [error] Canceled: Canceled
	at w.makeCancelError (/root/.vscode/extensions/bmewburn.vscode-intelephense-client-1.7.1/lib/extension.js:1:128391)
	at w.handleFailedRequest (/root/.vscode/extensions/bmewburn.vscode-intelephense-client-1.7.1/lib/extension.js:1:128242)
	at /root/.vscode/extensions/bmewburn.vscode-intelephense-client-1.7.1/lib/extension.js:1:93115
[2021-07-03 09:04:53.427] [exthost] [warning] [Decorations] CAPPING events from decorations provider vscode.git 547
[2021-07-03 09:05:09.755] [exthost] [warning] [Decorations] CAPPING events from decorations provider vscode.git 547
[2021-07-03 09:06:05.060] [exthost] [error] [bmewburn.vscode-intelephense-client] provider FAILED
[2021-07-03 09:06:05.064] [exthost] [error] Canceled: Canceled
	at w.makeCancelError (/root/.vscode/extensions/bmewburn.vscode-intelephense-client-1.7.1/lib/extension.js:1:128391)
	at w.handleFailedRequest (/root/.vscode/extensions/bmewburn.vscode-intelephense-client-1.7.1/lib/extension.js:1:128242)
	at /root/.vscode/extensions/bmewburn.vscode-intelephense-client-1.7.1/lib/extension.js:1:93115
[2021-07-03 09:06:10.459] [exthost] [warning] [Decorations] CAPPING events from decorations provider vscode.git 547
[2021-07-03 09:06:21.489] [exthost] [error] [bmewburn.vscode-intelephense-client] provider FAILED
[2021-07-03 09:06:21.489] [exthost] [error] Canceled: Canceled
	at w.makeCancelError (/root/.vscode/extensions/bmewburn.vscode-intelephense-client-1.7.1/lib/extension.js:1:128391)
	at w.handleFailedRequest (/root/.vscode/extensions/bmewburn.vscode-intelephense-client-1.7.1/lib/extension.js:1:128242)
	at /root/.vscode/extensions/bmewburn.vscode-intelephense-client-1.7.1/lib/extension.js:1:93115
[2021-07-03 09:06:28.364] [exthost] [error] [bmewburn.vscode-intelephense-client] provider FAILED
[2021-07-03 09:06:28.364] [exthost] [error] Canceled: Canceled
	at w.makeCancelError (/root/.vscode/extensions/bmewburn.vscode-intelephense-client-1.7.1/lib/extension.js:1:128391)
	at w.handleFailedRequest (/root/.vscode/extensions/bmewburn.vscode-intelephense-client-1.7.1/lib/extension.js:1:128242)
	at /root/.vscode/extensions/bmewburn.vscode-intelephense-client-1.7.1/lib/extension.js:1:93115
[2021-07-03 09:06:47.022] [exthost] [error] [bmewburn.vscode-intelephense-client] provider FAILED
[2021-07-03 09:06:47.022] [exthost] [error] Canceled: Canceled
	at w.makeCancelError (/root/.vscode/extensions/bmewburn.vscode-intelephense-client-1.7.1/lib/extension.js:1:128391)
	at w.handleFailedRequest (/root/.vscode/extensions/bmewburn.vscode-intelephense-client-1.7.1/lib/extension.js:1:128242)
	at /root/.vscode/extensions/bmewburn.vscode-intelephense-client-1.7.1/lib/extension.js:1:93115
[2021-07-03 09:06:48.978] [exthost] [error] [bmewburn.vscode-intelephense-client] provider FAILED
[2021-07-03 09:06:48.979] [exthost] [error] Canceled: Canceled
	at w.makeCancelError (/root/.vscode/extensions/bmewburn.vscode-intelephense-client-1.7.1/lib/extension.js:1:128391)
	at w.handleFailedRequest (/root/.vscode/extensions/bmewburn.vscode-intelephense-client-1.7.1/lib/extension.js:1:128242)
	at /root/.vscode/extensions/bmewburn.vscode-intelephense-client-1.7.1/lib/extension.js:1:93115
[2021-07-03 09:07:05.941] [exthost] [warning] [Decorations] CAPPING events from decorations provider vscode.git 547
[2021-07-03 09:07:13.678] [exthost] [warning] [Decorations] CAPPING events from decorations provider vscode.git 547
[2021-07-03 09:07:20.400] [exthost] [error] [bmewburn.vscode-intelephense-client] provider FAILED
[2021-07-03 09:07:20.400] [exthost] [error] Canceled: Canceled
	at w.makeCancelError (/root/.vscode/extensions/bmewburn.vscode-intelephense-client-1.7.1/lib/extension.js:1:128391)
	at w.handleFailedRequest (/root/.vscode/extensions/bmewburn.vscode-intelephense-client-1.7.1/lib/extension.js:1:128242)
	at /root/.vscode/extensions/bmewburn.vscode-intelephense-client-1.7.1/lib/extension.js:1:93115
[2021-07-03 09:07:32.658] [exthost] [error] [bmewburn.vscode-intelephense-client] provider FAILED
[2021-07-03 09:07:32.658] [exthost] [error] Canceled: Canceled
	at w.makeCancelError (/root/.vscode/extensions/bmewburn.vscode-intelephense-client-1.7.1/lib/extension.js:1:128391)
	at w.handleFailedRequest (/root/.vscode/extensions/bmewburn.vscode-intelephense-client-1.7.1/lib/extension.js:1:128242)
	at /root/.vscode/extensions/bmewburn.vscode-intelephense-client-1.7.1/lib/extension.js:1:93115
[2021-07-03 09:07:32.992] [exthost] [warning] [Decorations] CAPPING events from decorations provider vscode.git 547
[2021-07-03 09:07:55.944] [exthost] [warning] [Decorations] CAPPING events from decorations provider vscode.git 547
[2021-07-03 09:08:01.018] [exthost] [warning] [Decorations] CAPPING events from decorations provider vscode.git 547
[2021-07-03 09:08:06.529] [exthost] [warning] [Decorations] CAPPING events from decorations provider vscode.git 547
[2021-07-03 09:08:14.646] [exthost] [warning] [Decorations] CAPPING events from decorations provider vscode.git 547
[2021-07-03 09:08:28.101] [exthost] [error] [bmewburn.vscode-intelephense-client] provider FAILED
[2021-07-03 09:08:28.101] [exthost] [error] Canceled: Canceled
	at w.makeCancelError (/root/.vscode/extensions/bmewburn.vscode-intelephense-client-1.7.1/lib/extension.js:1:128391)
	at w.handleFailedRequest (/root/.vscode/extensions/bmewburn.vscode-intelephense-client-1.7.1/lib/extension.js:1:128242)
	at /root/.vscode/extensions/bmewburn.vscode-intelephense-client-1.7.1/lib/extension.js:1:93115
[2021-07-03 09:09:09.058] [exthost] [warning] [Decorations] CAPPING events from decorations provider vscode.git 547
[2021-07-03 09:09:14.176] [exthost] [warning] [Decorations] CAPPING events from decorations provider vscode.git 547
[2021-07-03 09:11:22.267] [exthost] [warning] [Decorations] CAPPING events from decorations provider vscode.git 547
[2021-07-03 09:14:17.767] [exthost] [warning] [Decorations] CAPPING events from decorations provider vscode.git 547
[2021-07-03 09:16:01.631] [exthost] [warning] [Decorations] CAPPING events from decorations provider vscode.git 547
[2021-07-03 09:16:08.480] [exthost] [warning] [Decorations] CAPPING events from decorations provider vscode.git 547
[2021-07-03 09:17:53.814] [exthost] [warning] [Decorations] CAPPING events from decorations provider vscode.git 547
[2021-07-03 09:18:34.417] [exthost] [warning] [Decorations] CAPPING events from decorations provider vscode.git 547
[2021-07-03 09:18:47.704] [exthost] [error] [bmewburn.vscode-intelephense-client] provider FAILED
[2021-07-03 09:18:47.707] [exthost] [error] Canceled: Canceled
	at w.makeCancelError (/root/.vscode/extensions/bmewburn.vscode-intelephense-client-1.7.1/lib/extension.js:1:128391)
	at w.handleFailedRequest (/root/.vscode/extensions/bmewburn.vscode-intelephense-client-1.7.1/lib/extension.js:1:128242)
	at /root/.vscode/extensions/bmewburn.vscode-intelephense-client-1.7.1/lib/extension.js:1:93115
[2021-07-03 09:18:48.358] [exthost] [error] [bmewburn.vscode-intelephense-client] provider FAILED
[2021-07-03 09:18:48.358] [exthost] [error] Canceled: Canceled
	at w.makeCancelError (/root/.vscode/extensions/bmewburn.vscode-intelephense-client-1.7.1/lib/extension.js:1:128391)
	at w.handleFailedRequest (/root/.vscode/extensions/bmewburn.vscode-intelephense-client-1.7.1/lib/extension.js:1:128242)
	at /root/.vscode/extensions/bmewburn.vscode-intelephense-client-1.7.1/lib/extension.js:1:93115
[2021-07-03 09:18:49.626] [exthost] [error] [bmewburn.vscode-intelephense-client] provider FAILED
[2021-07-03 09:18:49.626] [exthost] [error] Canceled: Canceled
	at w.makeCancelError (/root/.vscode/extensions/bmewburn.vscode-intelephense-client-1.7.1/lib/extension.js:1:128391)
	at w.handleFailedRequest (/root/.vscode/extensions/bmewburn.vscode-intelephense-client-1.7.1/lib/extension.js:1:128242)
	at /root/.vscode/extensions/bmewburn.vscode-intelephense-client-1.7.1/lib/extension.js:1:93115
[2021-07-03 09:19:22.041] [exthost] [warning] [Decorations] CAPPING events from decorations provider vscode.git 547
[2021-07-03 09:19:27.188] [exthost] [warning] [Decorations] CAPPING events from decorations provider vscode.git 547
[2021-07-03 09:19:29.071] [exthost] [info] ExtensionService#_doActivateExtension vscode.simple-browser {"startup":false,"extensionId":{"value":"vscode.simple-browser","_lower":"vscode.simple-browser"},"activationEvent":"onOpenExternalUri:https"}
[2021-07-03 09:19:29.073] [exthost] [info] ExtensionService#loadCommonJSModule file:///snap/code/67/usr/share/code/resources/app/extensions/simple-browser/dist/extension
[2021-07-03 09:20:06.258] [exthost] [warning] [Decorations] CAPPING events from decorations provider vscode.git 548
[2021-07-03 09:20:23.168] [exthost] [warning] [Decorations] CAPPING events from decorations provider vscode.git 548
[2021-07-03 09:20:30.106] [exthost] [warning] [Decorations] CAPPING events from decorations provider vscode.git 548
[2021-07-03 09:20:35.780] [exthost] [warning] [Decorations] CAPPING events from decorations provider vscode.git 548
[2021-07-03 09:20:40.851] [exthost] [warning] [Decorations] CAPPING events from decorations provider vscode.git 548
[2021-07-03 09:21:01.724] [exthost] [warning] [Decorations] CAPPING events from decorations provider vscode.git 548
[2021-07-03 09:21:10.758] [exthost] [warning] [Decorations] CAPPING events from decorations provider vscode.git 548
[2021-07-03 09:21:54.212] [exthost] [warning] [Decorations] CAPPING events from decorations provider vscode.git 548
[2021-07-03 09:22:42.027] [exthost] [warning] [Decorations] CAPPING events from decorations provider vscode.git 548
[2021-07-03 09:22:47.102] [exthost] [warning] [Decorations] CAPPING events from decorations provider vscode.git 548
[2021-07-03 09:22:52.190] [exthost] [warning] [Decorations] CAPPING events from decorations provider vscode.git 548
[2021-07-03 09:22:52.570] [exthost] [error] [bmewburn.vscode-intelephense-client] provider FAILED
[2021-07-03 09:22:52.570] [exthost] [error] TypeError: Cannot read property 'kind' of undefined
	at /root/.vscode/extensions/bmewburn.vscode-intelephense-client-1.7.1/lib/extension.js:1:165849
	at asHover (/root/.vscode/extensions/bmewburn.vscode-intelephense-client-1.7.1/lib/extension.js:1:166062)
[2021-07-03 09:22:57.783] [exthost] [warning] [Decorations] CAPPING events from decorations provider vscode.git 548
[2021-07-03 09:23:08.827] [exthost] [warning] [Decorations] CAPPING events from decorations provider vscode.git 548
[2021-07-03 09:23:27.330] [exthost] [warning] [Decorations] CAPPING events from decorations provider vscode.git 548
[2021-07-03 09:23:46.656] [exthost] [warning] [Decorations] CAPPING events from decorations provider vscode.git 548
[2021-07-03 09:23:51.727] [exthost] [warning] [Decorations] CAPPING events from decorations provider vscode.git 548
[2021-07-03 09:24:02.359] [exthost] [warning] [Decorations] CAPPING events from decorations provider vscode.git 548
[2021-07-03 09:25:09.047] [exthost] [warning] [Decorations] CAPPING events from decorations provider vscode.git 548
[2021-07-03 09:25:17.146] [exthost] [warning] [Decorations] CAPPING events from decorations provider vscode.git 548
[2021-07-03 09:25:38.948] [exthost] [warning] [Decorations] CAPPING events from decorations provider vscode.git 548
[2021-07-03 09:25:51.616] [exthost] [warning] [Decorations] CAPPING events from decorations provider vscode.git 548
[2021-07-03 09:25:56.705] [exthost] [warning] [Decorations] CAPPING events from decorations provider vscode.git 548
[2021-07-03 09:26:02.080] [exthost] [warning] [Decorations] CAPPING events from decorations provider vscode.git 548
[2021-07-03 09:26:53.748] [exthost] [warning] [Decorations] CAPPING events from decorations provider vscode.git 548
[2021-07-03 09:27:20.497] [exthost] [warning] [Decorations] CAPPING events from decorations provider vscode.git 548
[2021-07-03 09:29:14.593] [exthost] [warning] [Decorations] CAPPING events from decorations provider vscode.git 549
[2021-07-03 09:29:28.923] [exthost] [warning] [Decorations] CAPPING events from decorations provider vscode.git 549
[2021-07-03 09:29:40.079] [exthost] [warning] [Decorations] CAPPING events from decorations provider vscode.git 549
[2021-07-03 09:29:45.156] [exthost] [warning] [Decorations] CAPPING events from decorations provider vscode.git 549
[2021-07-03 09:30:03.484] [exthost] [warning] [Decorations] CAPPING events from decorations provider vscode.git 549
[2021-07-03 09:31:44.955] [exthost] [warning] [Decorations] CAPPING events from decorations provider vscode.git 549
[2021-07-03 09:31:50.078] [exthost] [warning] [Decorations] CAPPING events from decorations provider vscode.git 550
[2021-07-03 09:33:08.600] [exthost] [error] [bmewburn.vscode-intelephense-client] provider FAILED
[2021-07-03 09:33:08.601] [exthost] [error] Canceled: Canceled
	at w.makeCancelError (/root/.vscode/extensions/bmewburn.vscode-intelephense-client-1.7.1/lib/extension.js:1:128391)
	at w.handleFailedRequest (/root/.vscode/extensions/bmewburn.vscode-intelephense-client-1.7.1/lib/extension.js:1:128242)
	at /root/.vscode/extensions/bmewburn.vscode-intelephense-client-1.7.1/lib/extension.js:1:93115
[2021-07-03 09:33:35.234] [exthost] [warning] [Decorations] CAPPING events from decorations provider vscode.git 550
[2021-07-03 09:33:48.357] [exthost] [warning] [Decorations] CAPPING events from decorations provider vscode.git 550
[2021-07-03 09:33:50.198] [exthost] [error] [bmewburn.vscode-intelephense-client] provider FAILED
[2021-07-03 09:33:50.198] [exthost] [error] Canceled: Canceled
	at w.makeCancelError (/root/.vscode/extensions/bmewburn.vscode-intelephense-client-1.7.1/lib/extension.js:1:128391)
	at w.handleFailedRequest (/root/.vscode/extensions/bmewburn.vscode-intelephense-client-1.7.1/lib/extension.js:1:128242)
	at /root/.vscode/extensions/bmewburn.vscode-intelephense-client-1.7.1/lib/extension.js:1:93115
[2021-07-03 09:33:56.196] [exthost] [warning] [Decorations] CAPPING events from decorations provider vscode.git 550
[2021-07-03 09:34:14.537] [exthost] [warning] [Decorations] CAPPING events from decorations provider vscode.git 549
[2021-07-03 09:34:50.708] [exthost] [warning] [Decorations] CAPPING events from decorations provider vscode.git 549
[2021-07-03 09:35:02.572] [exthost] [error] [bmewburn.vscode-intelephense-client] provider FAILED
[2021-07-03 09:35:02.573] [exthost] [error] Canceled: Canceled
	at w.makeCancelError (/root/.vscode/extensions/bmewburn.vscode-intelephense-client-1.7.1/lib/extension.js:1:128391)
	at w.handleFailedRequest (/root/.vscode/extensions/bmewburn.vscode-intelephense-client-1.7.1/lib/extension.js:1:128242)
	at /root/.vscode/extensions/bmewburn.vscode-intelephense-client-1.7.1/lib/extension.js:1:93115
[2021-07-03 09:35:27.826] [exthost] [warning] [Decorations] CAPPING events from decorations provider vscode.git 549
[2021-07-03 09:36:01.589] [exthost] [error] [bmewburn.vscode-intelephense-client] provider FAILED
[2021-07-03 09:36:01.589] [exthost] [error] Canceled: Canceled
	at w.makeCancelError (/root/.vscode/extensions/bmewburn.vscode-intelephense-client-1.7.1/lib/extension.js:1:128391)
	at w.handleFailedRequest (/root/.vscode/extensions/bmewburn.vscode-intelephense-client-1.7.1/lib/extension.js:1:128242)
	at /root/.vscode/extensions/bmewburn.vscode-intelephense-client-1.7.1/lib/extension.js:1:93115
[2021-07-03 09:36:10.547] [exthost] [warning] [Decorations] CAPPING events from decorations provider vscode.git 549
[2021-07-03 09:37:37.159] [exthost] [warning] [Decorations] CAPPING events from decorations provider vscode.git 549
[2021-07-03 09:37:43.846] [exthost] [warning] [Decorations] CAPPING events from decorations provider vscode.git 549
[2021-07-03 09:38:18.108] [exthost] [warning] [Decorations] CAPPING events from decorations provider vscode.git 549
[2021-07-03 09:38:28.585] [exthost] [warning] [Decorations] CAPPING events from decorations provider vscode.git 549
[2021-07-03 09:40:00.972] [exthost] [warning] [Decorations] CAPPING events from decorations provider vscode.git 549
[2021-07-03 10:11:14.376] [exthost] [info] ExtensionService#_doActivateExtension vscode.css-language-features {"startup":false,"extensionId":{"value":"vscode.css-language-features","_lower":"vscode.css-language-features"},"activationEvent":"onLanguage:css"}
[2021-07-03 10:11:14.393] [exthost] [info] ExtensionService#loadCommonJSModule file:///snap/code/67/usr/share/code/resources/app/extensions/css-language-features/client/dist/node/cssClientMain
[2021-07-03 10:11:33.136] [exthost] [warning] [Decorations] CAPPING events from decorations provider vscode.git 549
[2021-07-03 10:11:38.233] [exthost] [warning] [Decorations] CAPPING events from decorations provider vscode.git 549
[2021-07-03 10:11:46.878] [exthost] [warning] [Decorations] CAPPING events from decorations provider vscode.git 551
[2021-07-03 10:11:51.981] [exthost] [warning] [Decorations] CAPPING events from decorations provider vscode.git 551
[2021-07-03 10:13:10.511] [exthost] [warning] [Decorations] CAPPING events from decorations provider vscode.git 551
[2021-07-03 10:13:23.652] [exthost] [warning] [Decorations] CAPPING events from decorations provider vscode.git 551
[2021-07-03 10:13:31.926] [exthost] [error] [bmewburn.vscode-intelephense-client] provider FAILED
[2021-07-03 10:13:31.952] [exthost] [error] Canceled: Canceled
	at w.makeCancelError (/root/.vscode/extensions/bmewburn.vscode-intelephense-client-1.7.1/lib/extension.js:1:128391)
	at w.handleFailedRequest (/root/.vscode/extensions/bmewburn.vscode-intelephense-client-1.7.1/lib/extension.js:1:128242)
	at /root/.vscode/extensions/bmewburn.vscode-intelephense-client-1.7.1/lib/extension.js:1:93115
[2021-07-03 10:14:33.269] [exthost] [warning] [Decorations] CAPPING events from decorations provider vscode.git 551
[2021-07-03 10:26:05.596] [exthost] [warning] [Decorations] CAPPING events from decorations provider vscode.git 552
[2021-07-03 10:26:31.119] [exthost] [warning] [Decorations] CAPPING events from decorations provider vscode.git 552
[2021-07-03 10:26:34.819] [exthost] [error] [bmewburn.vscode-intelephense-client] provider FAILED
[2021-07-03 10:26:34.819] [exthost] [error] Canceled: Canceled
	at w.makeCancelError (/root/.vscode/extensions/bmewburn.vscode-intelephense-client-1.7.1/lib/extension.js:1:128391)
	at w.handleFailedRequest (/root/.vscode/extensions/bmewburn.vscode-intelephense-client-1.7.1/lib/extension.js:1:128242)
	at /root/.vscode/extensions/bmewburn.vscode-intelephense-client-1.7.1/lib/extension.js:1:93115
[2021-07-03 10:27:03.378] [exthost] [warning] [Decorations] CAPPING events from decorations provider vscode.git 552
[2021-07-03 10:27:08.115] [exthost] [error] [bmewburn.vscode-intelephense-client] provider FAILED
[2021-07-03 10:27:08.115] [exthost] [error] Canceled: Canceled
	at w.makeCancelError (/root/.vscode/extensions/bmewburn.vscode-intelephense-client-1.7.1/lib/extension.js:1:128391)
	at w.handleFailedRequest (/root/.vscode/extensions/bmewburn.vscode-intelephense-client-1.7.1/lib/extension.js:1:128242)
	at /root/.vscode/extensions/bmewburn.vscode-intelephense-client-1.7.1/lib/extension.js:1:93115
[2021-07-03 10:27:23.114] [exthost] [warning] [Decorations] CAPPING events from decorations provider vscode.git 552
[2021-07-03 10:28:08.049] [exthost] [warning] [Decorations] CAPPING events from decorations provider vscode.git 552
[2021-07-03 10:28:13.121] [exthost] [warning] [Decorations] CAPPING events from decorations provider vscode.git 552
[2021-07-03 10:28:27.568] [exthost] [warning] [Decorations] CAPPING events from decorations provider vscode.git 552
[2021-07-03 10:31:53.483] [exthost] [warning] [Decorations] CAPPING events from decorations provider vscode.git 552
[2021-07-03 10:32:10.810] [exthost] [warning] [Decorations] CAPPING events from decorations provider vscode.git 552
[2021-07-03 10:33:12.967] [exthost] [error] [bmewburn.vscode-intelephense-client] provider FAILED
[2021-07-03 10:33:12.967] [exthost] [error] Canceled: Canceled
	at w.makeCancelError (/root/.vscode/extensions/bmewburn.vscode-intelephense-client-1.7.1/lib/extension.js:1:128391)
	at w.handleFailedRequest (/root/.vscode/extensions/bmewburn.vscode-intelephense-client-1.7.1/lib/extension.js:1:128242)
	at /root/.vscode/extensions/bmewburn.vscode-intelephense-client-1.7.1/lib/extension.js:1:93115
[2021-07-03 10:33:19.207] [exthost] [warning] [Decorations] CAPPING events from decorations provider vscode.git 552
[2021-07-03 10:34:02.631] [exthost] [warning] [Decorations] CAPPING events from decorations provider vscode.git 552
[2021-07-03 10:35:06.081] [exthost] [warning] [Decorations] CAPPING events from decorations provider vscode.git 553
[2021-07-03 10:35:40.454] [exthost] [warning] [Decorations] CAPPING events from decorations provider vscode.git 553
[2021-07-03 10:36:57.295] [exthost] [warning] [Decorations] CAPPING events from decorations provider vscode.git 553
[2021-07-03 10:36:58.570] [exthost] [error] [bmewburn.vscode-intelephense-client] provider FAILED
[2021-07-03 10:36:58.570] [exthost] [error] Canceled: Canceled
	at w.makeCancelError (/root/.vscode/extensions/bmewburn.vscode-intelephense-client-1.7.1/lib/extension.js:1:128391)
	at w.handleFailedRequest (/root/.vscode/extensions/bmewburn.vscode-intelephense-client-1.7.1/lib/extension.js:1:128242)
	at /root/.vscode/extensions/bmewburn.vscode-intelephense-client-1.7.1/lib/extension.js:1:93115
[2021-07-03 10:36:59.404] [exthost] [error] [bmewburn.vscode-intelephense-client] provider FAILED
[2021-07-03 10:36:59.404] [exthost] [error] Canceled: Canceled
	at w.makeCancelError (/root/.vscode/extensions/bmewburn.vscode-intelephense-client-1.7.1/lib/extension.js:1:128391)
	at w.handleFailedRequest (/root/.vscode/extensions/bmewburn.vscode-intelephense-client-1.7.1/lib/extension.js:1:128242)
	at /root/.vscode/extensions/bmewburn.vscode-intelephense-client-1.7.1/lib/extension.js:1:93115
[2021-07-03 10:37:00.066] [exthost] [error] [bmewburn.vscode-intelephense-client] provider FAILED
[2021-07-03 10:37:00.066] [exthost] [error] Canceled: Canceled
	at w.makeCancelError (/root/.vscode/extensions/bmewburn.vscode-intelephense-client-1.7.1/lib/extension.js:1:128391)
	at w.handleFailedRequest (/root/.vscode/extensions/bmewburn.vscode-intelephense-client-1.7.1/lib/extension.js:1:128242)
	at /root/.vscode/extensions/bmewburn.vscode-intelephense-client-1.7.1/lib/extension.js:1:93115
[2021-07-03 10:37:01.299] [exthost] [error] [bmewburn.vscode-intelephense-client] provider FAILED
[2021-07-03 10:37:01.299] [exthost] [error] Canceled: Canceled
	at w.makeCancelError (/root/.vscode/extensions/bmewburn.vscode-intelephense-client-1.7.1/lib/extension.js:1:128391)
	at w.handleFailedRequest (/root/.vscode/extensions/bmewburn.vscode-intelephense-client-1.7.1/lib/extension.js:1:128242)
	at /root/.vscode/extensions/bmewburn.vscode-intelephense-client-1.7.1/lib/extension.js:1:93115
[2021-07-03 10:37:02.637] [exthost] [error] [bmewburn.vscode-intelephense-client] provider FAILED
[2021-07-03 10:37:02.640] [exthost] [error] Canceled: Canceled
	at w.makeCancelError (/root/.vscode/extensions/bmewburn.vscode-intelephense-client-1.7.1/lib/extension.js:1:128391)
	at w.handleFailedRequest (/root/.vscode/extensions/bmewburn.vscode-intelephense-client-1.7.1/lib/extension.js:1:128242)
	at /root/.vscode/extensions/bmewburn.vscode-intelephense-client-1.7.1/lib/extension.js:1:93115
[2021-07-03 10:37:11.258] [exthost] [error] [bmewburn.vscode-intelephense-client] provider FAILED
[2021-07-03 10:37:11.258] [exthost] [error] Canceled: Canceled
	at w.makeCancelError (/root/.vscode/extensions/bmewburn.vscode-intelephense-client-1.7.1/lib/extension.js:1:128391)
	at w.handleFailedRequest (/root/.vscode/extensions/bmewburn.vscode-intelephense-client-1.7.1/lib/extension.js:1:128242)
	at /root/.vscode/extensions/bmewburn.vscode-intelephense-client-1.7.1/lib/extension.js:1:93115
[2021-07-03 10:39:58.868] [exthost] [error] [bmewburn.vscode-intelephense-client] provider FAILED
[2021-07-03 10:39:58.870] [exthost] [error] Canceled: Canceled
	at w.makeCancelError (/root/.vscode/extensions/bmewburn.vscode-intelephense-client-1.7.1/lib/extension.js:1:128391)
	at w.handleFailedRequest (/root/.vscode/extensions/bmewburn.vscode-intelephense-client-1.7.1/lib/extension.js:1:128242)
	at /root/.vscode/extensions/bmewburn.vscode-intelephense-client-1.7.1/lib/extension.js:1:93115
[2021-07-03 10:40:22.388] [exthost] [warning] [Decorations] CAPPING events from decorations provider vscode.git 553
[2021-07-03 10:40:39.351] [exthost] [warning] [Decorations] CAPPING events from decorations provider vscode.git 553
[2021-07-03 10:41:28.573] [exthost] [warning] [Decorations] CAPPING events from decorations provider vscode.git 553
[2021-07-03 10:41:51.293] [exthost] [warning] [Decorations] CAPPING events from decorations provider vscode.git 553
[2021-07-03 10:45:57.450] [exthost] [warning] [Decorations] CAPPING events from decorations provider vscode.git 553
[2021-07-03 10:46:22.250] [exthost] [warning] [Decorations] CAPPING events from decorations provider vscode.git 553
[2021-07-03 10:46:34.699] [exthost] [warning] [Decorations] CAPPING events from decorations provider vscode.git 553
[2021-07-03 10:47:04.829] [exthost] [warning] [Decorations] CAPPING events from decorations provider vscode.git 553
[2021-07-03 10:47:22.524] [exthost] [warning] [Decorations] CAPPING events from decorations provider vscode.git 553
[2021-07-03 10:47:49.335] [exthost] [warning] [Decorations] CAPPING events from decorations provider vscode.git 553
[2021-07-03 10:48:06.474] [exthost] [error] [bmewburn.vscode-intelephense-client] provider FAILED
[2021-07-03 10:48:06.474] [exthost] [error] Canceled: Canceled
	at w.makeCancelError (/root/.vscode/extensions/bmewburn.vscode-intelephense-client-1.7.1/lib/extension.js:1:128391)
	at w.handleFailedRequest (/root/.vscode/extensions/bmewburn.vscode-intelephense-client-1.7.1/lib/extension.js:1:128242)
	at /root/.vscode/extensions/bmewburn.vscode-intelephense-client-1.7.1/lib/extension.js:1:93115
[2021-07-03 10:48:21.455] [exthost] [warning] [Decorations] CAPPING events from decorations provider vscode.git 553
[2021-07-03 10:50:21.648] [exthost] [warning] [Decorations] CAPPING events from decorations provider vscode.git 553
[2021-07-03 10:50:54.579] [exthost] [warning] [Decorations] CAPPING events from decorations provider vscode.git 553
[2021-07-03 10:51:02.744] [exthost] [warning] [Decorations] CAPPING events from decorations provider vscode.git 553
[2021-07-03 10:51:22.406] [exthost] [warning] [Decorations] CAPPING events from decorations provider vscode.git 553
[2021-07-03 10:51:37.125] [exthost] [warning] [Decorations] CAPPING events from decorations provider vscode.git 553
[2021-07-03 10:51:55.098] [exthost] [warning] [Decorations] CAPPING events from decorations provider vscode.git 553
[2021-07-03 10:55:06.728] [exthost] [error] [bmewburn.vscode-intelephense-client] provider FAILED
[2021-07-03 10:55:06.743] [exthost] [error] Canceled: Canceled
	at w.makeCancelError (/root/.vscode/extensions/bmewburn.vscode-intelephense-client-1.7.1/lib/extension.js:1:128391)
	at w.handleFailedRequest (/root/.vscode/extensions/bmewburn.vscode-intelephense-client-1.7.1/lib/extension.js:1:128242)
	at /root/.vscode/extensions/bmewburn.vscode-intelephense-client-1.7.1/lib/extension.js:1:93115
[2021-07-03 10:55:33.122] [exthost] [error] [bmewburn.vscode-intelephense-client] provider FAILED
[2021-07-03 10:55:33.123] [exthost] [error] Canceled: Canceled
	at w.makeCancelError (/root/.vscode/extensions/bmewburn.vscode-intelephense-client-1.7.1/lib/extension.js:1:128391)
	at w.handleFailedRequest (/root/.vscode/extensions/bmewburn.vscode-intelephense-client-1.7.1/lib/extension.js:1:128242)
	at /root/.vscode/extensions/bmewburn.vscode-intelephense-client-1.7.1/lib/extension.js:1:93115
[2021-07-03 10:55:34.299] [exthost] [error] [bmewburn.vscode-intelephense-client] provider FAILED
[2021-07-03 10:55:34.299] [exthost] [error] Canceled: Canceled
	at w.makeCancelError (/root/.vscode/extensions/bmewburn.vscode-intelephense-client-1.7.1/lib/extension.js:1:128391)
	at w.handleFailedRequest (/root/.vscode/extensions/bmewburn.vscode-intelephense-client-1.7.1/lib/extension.js:1:128242)
	at /root/.vscode/extensions/bmewburn.vscode-intelephense-client-1.7.1/lib/extension.js:1:93115
[2021-07-03 10:55:35.574] [exthost] [error] [bmewburn.vscode-intelephense-client] provider FAILED
[2021-07-03 10:55:35.574] [exthost] [error] Canceled: Canceled
	at w.makeCancelError (/root/.vscode/extensions/bmewburn.vscode-intelephense-client-1.7.1/lib/extension.js:1:128391)
	at w.handleFailedRequest (/root/.vscode/extensions/bmewburn.vscode-intelephense-client-1.7.1/lib/extension.js:1:128242)
	at /root/.vscode/extensions/bmewburn.vscode-intelephense-client-1.7.1/lib/extension.js:1:93115
[2021-07-03 10:55:36.233] [exthost] [error] [bmewburn.vscode-intelephense-client] provider FAILED
[2021-07-03 10:55:36.234] [exthost] [error] Canceled: Canceled
	at w.makeCancelError (/root/.vscode/extensions/bmewburn.vscode-intelephense-client-1.7.1/lib/extension.js:1:128391)
	at w.handleFailedRequest (/root/.vscode/extensions/bmewburn.vscode-intelephense-client-1.7.1/lib/extension.js:1:128242)
	at /root/.vscode/extensions/bmewburn.vscode-intelephense-client-1.7.1/lib/extension.js:1:93115
[2021-07-03 10:55:38.136] [exthost] [error] [bmewburn.vscode-intelephense-client] provider FAILED
[2021-07-03 10:55:38.136] [exthost] [error] Canceled: Canceled
	at w.makeCancelError (/root/.vscode/extensions/bmewburn.vscode-intelephense-client-1.7.1/lib/extension.js:1:128391)
	at w.handleFailedRequest (/root/.vscode/extensions/bmewburn.vscode-intelephense-client-1.7.1/lib/extension.js:1:128242)
	at /root/.vscode/extensions/bmewburn.vscode-intelephense-client-1.7.1/lib/extension.js:1:93115
[2021-07-03 11:00:41.191] [exthost] [warning] [Decorations] CAPPING events from decorations provider vscode.git 553
[2021-07-03 11:00:46.272] [exthost] [warning] [Decorations] CAPPING events from decorations provider vscode.git 553
[2021-07-03 11:01:09.212] [exthost] [warning] [Decorations] CAPPING events from decorations provider vscode.git 553
[2021-07-03 11:01:38.527] [exthost] [error] [bmewburn.vscode-intelephense-client] provider FAILED
[2021-07-03 11:01:38.527] [exthost] [error] Canceled: Canceled
	at w.makeCancelError (/root/.vscode/extensions/bmewburn.vscode-intelephense-client-1.7.1/lib/extension.js:1:128391)
	at w.handleFailedRequest (/root/.vscode/extensions/bmewburn.vscode-intelephense-client-1.7.1/lib/extension.js:1:128242)
	at /root/.vscode/extensions/bmewburn.vscode-intelephense-client-1.7.1/lib/extension.js:1:93115
[2021-07-03 11:02:26.461] [exthost] [warning] [Decorations] CAPPING events from decorations provider vscode.git 553
[2021-07-03 11:02:42.888] [exthost] [warning] [Decorations] CAPPING events from decorations provider vscode.git 553
[2021-07-03 11:02:49.233] [exthost] [warning] [Decorations] CAPPING events from decorations provider vscode.git 553
[2021-07-03 11:03:38.831] [exthost] [warning] [Decorations] CAPPING events from decorations provider vscode.git 553
[2021-07-03 11:03:43.906] [exthost] [warning] [Decorations] CAPPING events from decorations provider vscode.git 553
[2021-07-03 11:03:48.279] [exthost] [error] [bmewburn.vscode-intelephense-client] provider FAILED
[2021-07-03 11:03:48.279] [exthost] [error] Canceled: Canceled
	at w.makeCancelError (/root/.vscode/extensions/bmewburn.vscode-intelephense-client-1.7.1/lib/extension.js:1:128391)
	at w.handleFailedRequest (/root/.vscode/extensions/bmewburn.vscode-intelephense-client-1.7.1/lib/extension.js:1:128242)
	at /root/.vscode/extensions/bmewburn.vscode-intelephense-client-1.7.1/lib/extension.js:1:93115
[2021-07-03 11:04:02.749] [exthost] [warning] [Decorations] CAPPING events from decorations provider vscode.git 553
[2021-07-03 11:04:12.443] [exthost] [warning] [Decorations] CAPPING events from decorations provider vscode.git 553
[2021-07-03 11:04:34.712] [exthost] [warning] [Decorations] CAPPING events from decorations provider vscode.git 553
[2021-07-03 11:04:39.785] [exthost] [warning] [Decorations] CAPPING events from decorations provider vscode.git 553
[2021-07-03 11:04:44.867] [exthost] [warning] [Decorations] CAPPING events from decorations provider vscode.git 553
[2021-07-03 11:05:13.722] [exthost] [warning] [Decorations] CAPPING events from decorations provider vscode.git 553
[2021-07-03 11:05:22.813] [exthost] [error] [bmewburn.vscode-intelephense-client] provider FAILED
[2021-07-03 11:05:22.813] [exthost] [error] Canceled: Canceled
	at w.makeCancelError (/root/.vscode/extensions/bmewburn.vscode-intelephense-client-1.7.1/lib/extension.js:1:128391)
	at w.handleFailedRequest (/root/.vscode/extensions/bmewburn.vscode-intelephense-client-1.7.1/lib/extension.js:1:128242)
	at /root/.vscode/extensions/bmewburn.vscode-intelephense-client-1.7.1/lib/extension.js:1:93115
[2021-07-03 11:05:54.907] [exthost] [warning] [Decorations] CAPPING events from decorations provider vscode.git 553
[2021-07-03 11:07:02.475] [exthost] [warning] [Decorations] CAPPING events from decorations provider vscode.git 553
[2021-07-03 11:11:15.670] [exthost] [warning] [Decorations] CAPPING events from decorations provider vscode.git 553
[2021-07-03 11:12:33.392] [exthost] [warning] [Decorations] CAPPING events from decorations provider vscode.git 553
[2021-07-03 11:12:42.245] [exthost] [warning] [Decorations] CAPPING events from decorations provider vscode.git 553
[2021-07-03 11:13:12.076] [exthost] [warning] [Decorations] CAPPING events from decorations provider vscode.git 553
[2021-07-03 11:13:35.994] [exthost] [warning] [Decorations] CAPPING events from decorations provider vscode.git 553
[2021-07-03 11:13:42.201] [exthost] [warning] [Decorations] CAPPING events from decorations provider vscode.git 553
[2021-07-03 11:13:48.921] [exthost] [warning] [Decorations] CAPPING events from decorations provider vscode.git 553
[2021-07-03 11:13:57.490] [exthost] [error] [bmewburn.vscode-intelephense-client] provider FAILED
[2021-07-03 11:13:57.492] [exthost] [error] Canceled: Canceled
	at w.makeCancelError (/root/.vscode/extensions/bmewburn.vscode-intelephense-client-1.7.1/lib/extension.js:1:128391)
	at w.handleFailedRequest (/root/.vscode/extensions/bmewburn.vscode-intelephense-client-1.7.1/lib/extension.js:1:128242)
	at /root/.vscode/extensions/bmewburn.vscode-intelephense-client-1.7.1/lib/extension.js:1:93115
[2021-07-03 11:15:00.138] [exthost] [warning] [Decorations] CAPPING events from decorations provider vscode.git 553
[2021-07-03 11:15:05.218] [exthost] [warning] [Decorations] CAPPING events from decorations provider vscode.git 553
[2021-07-03 11:15:18.094] [exthost] [error] [bmewburn.vscode-intelephense-client] provider FAILED
[2021-07-03 11:15:18.094] [exthost] [error] Canceled: Canceled
	at w.makeCancelError (/root/.vscode/extensions/bmewburn.vscode-intelephense-client-1.7.1/lib/extension.js:1:128391)
	at w.handleFailedRequest (/root/.vscode/extensions/bmewburn.vscode-intelephense-client-1.7.1/lib/extension.js:1:128242)
	at /root/.vscode/extensions/bmewburn.vscode-intelephense-client-1.7.1/lib/extension.js:1:93115
[2021-07-03 11:15:39.774] [exthost] [warning] [Decorations] CAPPING events from decorations provider vscode.git 553
[2021-07-03 11:15:52.341] [exthost] [warning] [Decorations] CAPPING events from decorations provider vscode.git 553
[2021-07-03 11:16:01.520] [exthost] [warning] [Decorations] CAPPING events from decorations provider vscode.git 553
[2021-07-03 11:16:52.257] [exthost] [warning] [Decorations] CAPPING events from decorations provider vscode.git 553
[2021-07-03 11:17:20.047] [exthost] [error] [bmewburn.vscode-intelephense-client] provider FAILED
[2021-07-03 11:17:20.047] [exthost] [error] Canceled: Canceled
	at w.makeCancelError (/root/.vscode/extensions/bmewburn.vscode-intelephense-client-1.7.1/lib/extension.js:1:128391)
	at w.handleFailedRequest (/root/.vscode/extensions/bmewburn.vscode-intelephense-client-1.7.1/lib/extension.js:1:128242)
	at /root/.vscode/extensions/bmewburn.vscode-intelephense-client-1.7.1/lib/extension.js:1:93115
[2021-07-03 11:17:28.421] [exthost] [warning] [Decorations] CAPPING events from decorations provider vscode.git 553
[2021-07-03 11:17:29.986] [exthost] [error] [bmewburn.vscode-intelephense-client] provider FAILED
[2021-07-03 11:17:29.986] [exthost] [error] Canceled: Canceled
	at w.makeCancelError (/root/.vscode/extensions/bmewburn.vscode-intelephense-client-1.7.1/lib/extension.js:1:128391)
	at w.handleFailedRequest (/root/.vscode/extensions/bmewburn.vscode-intelephense-client-1.7.1/lib/extension.js:1:128242)
	at /root/.vscode/extensions/bmewburn.vscode-intelephense-client-1.7.1/lib/extension.js:1:93115
[2021-07-03 11:17:31.997] [exthost] [error] [bmewburn.vscode-intelephense-client] provider FAILED
[2021-07-03 11:17:31.997] [exthost] [error] Canceled: Canceled
	at w.makeCancelError (/root/.vscode/extensions/bmewburn.vscode-intelephense-client-1.7.1/lib/extension.js:1:128391)
	at w.handleFailedRequest (/root/.vscode/extensions/bmewburn.vscode-intelephense-client-1.7.1/lib/extension.js:1:128242)
	at /root/.vscode/extensions/bmewburn.vscode-intelephense-client-1.7.1/lib/extension.js:1:93115
[2021-07-03 11:17:33.431] [exthost] [error] [bmewburn.vscode-intelephense-client] provider FAILED
[2021-07-03 11:17:33.431] [exthost] [error] Canceled: Canceled
	at w.makeCancelError (/root/.vscode/extensions/bmewburn.vscode-intelephense-client-1.7.1/lib/extension.js:1:128391)
	at w.handleFailedRequest (/root/.vscode/extensions/bmewburn.vscode-intelephense-client-1.7.1/lib/extension.js:1:128242)
	at /root/.vscode/extensions/bmewburn.vscode-intelephense-client-1.7.1/lib/extension.js:1:93115
[2021-07-03 11:17:38.806] [exthost] [error] [bmewburn.vscode-intelephense-client] provider FAILED
[2021-07-03 11:17:38.807] [exthost] [error] Canceled: Canceled
	at w.makeCancelError (/root/.vscode/extensions/bmewburn.vscode-intelephense-client-1.7.1/lib/extension.js:1:128391)
	at w.handleFailedRequest (/root/.vscode/extensions/bmewburn.vscode-intelephense-client-1.7.1/lib/extension.js:1:128242)
	at /root/.vscode/extensions/bmewburn.vscode-intelephense-client-1.7.1/lib/extension.js:1:93115
[2021-07-03 11:18:06.226] [exthost] [warning] [Decorations] CAPPING events from decorations provider vscode.git 552
[2021-07-03 11:18:41.224] [exthost] [error] [bmewburn.vscode-intelephense-client] provider FAILED
[2021-07-03 11:18:41.225] [exthost] [error] Canceled: Canceled
	at w.makeCancelError (/root/.vscode/extensions/bmewburn.vscode-intelephense-client-1.7.1/lib/extension.js:1:128391)
	at w.handleFailedRequest (/root/.vscode/extensions/bmewburn.vscode-intelephense-client-1.7.1/lib/extension.js:1:128242)
	at /root/.vscode/extensions/bmewburn.vscode-intelephense-client-1.7.1/lib/extension.js:1:93115
[2021-07-03 11:19:03.727] [exthost] [warning] [Decorations] CAPPING events from decorations provider vscode.git 552
[2021-07-03 11:19:10.918] [exthost] [warning] [Decorations] CAPPING events from decorations provider vscode.git 552
[2021-07-03 11:19:37.117] [exthost] [warning] [Decorations] CAPPING events from decorations provider vscode.git 552
[2021-07-03 11:19:42.198] [exthost] [warning] [Decorations] CAPPING events from decorations provider vscode.git 552
[2021-07-03 11:20:15.884] [exthost] [error] [bmewburn.vscode-intelephense-client] provider FAILED
[2021-07-03 11:20:15.887] [exthost] [error] Canceled: Canceled
	at w.makeCancelError (/root/.vscode/extensions/bmewburn.vscode-intelephense-client-1.7.1/lib/extension.js:1:128391)
	at w.handleFailedRequest (/root/.vscode/extensions/bmewburn.vscode-intelephense-client-1.7.1/lib/extension.js:1:128242)
	at /root/.vscode/extensions/bmewburn.vscode-intelephense-client-1.7.1/lib/extension.js:1:93115
[2021-07-03 11:20:43.002] [exthost] [warning] [Decorations] CAPPING events from decorations provider vscode.git 552
[2021-07-03 11:20:49.891] [exthost] [warning] [Decorations] CAPPING events from decorations provider vscode.git 552
[2021-07-03 11:21:20.961] [exthost] [warning] [Decorations] CAPPING events from decorations provider vscode.git 552
[2021-07-03 11:21:33.422] [exthost] [error] [bmewburn.vscode-intelephense-client] provider FAILED
[2021-07-03 11:21:33.423] [exthost] [error] Canceled: Canceled
	at w.makeCancelError (/root/.vscode/extensions/bmewburn.vscode-intelephense-client-1.7.1/lib/extension.js:1:128391)
	at w.handleFailedRequest (/root/.vscode/extensions/bmewburn.vscode-intelephense-client-1.7.1/lib/extension.js:1:128242)
	at /root/.vscode/extensions/bmewburn.vscode-intelephense-client-1.7.1/lib/extension.js:1:93115
[2021-07-03 11:21:42.714] [exthost] [error] [bmewburn.vscode-intelephense-client] provider FAILED
[2021-07-03 11:21:42.714] [exthost] [error] Canceled: Canceled
	at w.makeCancelError (/root/.vscode/extensions/bmewburn.vscode-intelephense-client-1.7.1/lib/extension.js:1:128391)
	at w.handleFailedRequest (/root/.vscode/extensions/bmewburn.vscode-intelephense-client-1.7.1/lib/extension.js:1:128242)
	at /root/.vscode/extensions/bmewburn.vscode-intelephense-client-1.7.1/lib/extension.js:1:93115
[2021-07-03 11:22:20.484] [exthost] [error] [bmewburn.vscode-intelephense-client] provider FAILED
[2021-07-03 11:22:20.484] [exthost] [error] Canceled: Canceled
	at w.makeCancelError (/root/.vscode/extensions/bmewburn.vscode-intelephense-client-1.7.1/lib/extension.js:1:128391)
	at w.handleFailedRequest (/root/.vscode/extensions/bmewburn.vscode-intelephense-client-1.7.1/lib/extension.js:1:128242)
	at /root/.vscode/extensions/bmewburn.vscode-intelephense-client-1.7.1/lib/extension.js:1:93115
[2021-07-03 11:22:21.113] [exthost] [warning] [Decorations] CAPPING events from decorations provider vscode.git 552
[2021-07-03 11:22:34.039] [exthost] [warning] [Decorations] CAPPING events from decorations provider vscode.git 552
[2021-07-03 11:22:51.830] [exthost] [warning] [Decorations] CAPPING events from decorations provider vscode.git 552
[2021-07-03 11:23:13.571] [exthost] [warning] [Decorations] CAPPING events from decorations provider vscode.git 552
[2021-07-03 11:23:27.178] [exthost] [warning] [Decorations] CAPPING events from decorations provider vscode.git 552
[2021-07-03 11:24:46.626] [exthost] [warning] [Decorations] CAPPING events from decorations provider vscode.git 552
[2021-07-03 11:24:54.555] [exthost] [warning] [Decorations] CAPPING events from decorations provider vscode.git 552
[2021-07-03 11:24:56.127] [exthost] [error] [bmewburn.vscode-intelephense-client] provider FAILED
[2021-07-03 11:24:56.127] [exthost] [error] Canceled: Canceled
	at w.makeCancelError (/root/.vscode/extensions/bmewburn.vscode-intelephense-client-1.7.1/lib/extension.js:1:128391)
	at w.handleFailedRequest (/root/.vscode/extensions/bmewburn.vscode-intelephense-client-1.7.1/lib/extension.js:1:128242)
	at /root/.vscode/extensions/bmewburn.vscode-intelephense-client-1.7.1/lib/extension.js:1:93115
[2021-07-03 11:25:01.882] [exthost] [warning] [Decorations] CAPPING events from decorations provider vscode.git 552
[2021-07-03 11:25:26.500] [exthost] [error] [bmewburn.vscode-intelephense-client] provider FAILED
[2021-07-03 11:25:26.500] [exthost] [error] Canceled: Canceled
	at w.makeCancelError (/root/.vscode/extensions/bmewburn.vscode-intelephense-client-1.7.1/lib/extension.js:1:128391)
	at w.handleFailedRequest (/root/.vscode/extensions/bmewburn.vscode-intelephense-client-1.7.1/lib/extension.js:1:128242)
	at /root/.vscode/extensions/bmewburn.vscode-intelephense-client-1.7.1/lib/extension.js:1:93115
[2021-07-03 11:25:26.759] [exthost] [warning] [Decorations] CAPPING events from decorations provider vscode.git 552
[2021-07-03 11:25:36.941] [exthost] [warning] [Decorations] CAPPING events from decorations provider vscode.git 552
[2021-07-03 11:25:57.893] [exthost] [warning] [Decorations] CAPPING events from decorations provider vscode.git 552
[2021-07-03 11:26:08.048] [exthost] [error] [bmewburn.vscode-intelephense-client] provider FAILED
[2021-07-03 11:26:08.048] [exthost] [error] Canceled: Canceled
	at w.makeCancelError (/root/.vscode/extensions/bmewburn.vscode-intelephense-client-1.7.1/lib/extension.js:1:128391)
	at w.handleFailedRequest (/root/.vscode/extensions/bmewburn.vscode-intelephense-client-1.7.1/lib/extension.js:1:128242)
	at /root/.vscode/extensions/bmewburn.vscode-intelephense-client-1.7.1/lib/extension.js:1:93115
[2021-07-03 11:26:12.731] [exthost] [error] [bmewburn.vscode-intelephense-client] provider FAILED
[2021-07-03 11:26:12.731] [exthost] [error] Canceled: Canceled
	at w.makeCancelError (/root/.vscode/extensions/bmewburn.vscode-intelephense-client-1.7.1/lib/extension.js:1:128391)
	at w.handleFailedRequest (/root/.vscode/extensions/bmewburn.vscode-intelephense-client-1.7.1/lib/extension.js:1:128242)
	at /root/.vscode/extensions/bmewburn.vscode-intelephense-client-1.7.1/lib/extension.js:1:93115
[2021-07-03 11:26:33.631] [exthost] [warning] [Decorations] CAPPING events from decorations provider vscode.git 552
[2021-07-03 11:27:06.635] [exthost] [warning] [Decorations] CAPPING events from decorations provider vscode.git 552
[2021-07-03 11:27:18.402] [exthost] [warning] [Decorations] CAPPING events from decorations provider vscode.git 552
[2021-07-03 11:27:33.230] [exthost] [error] [bmewburn.vscode-intelephense-client] provider FAILED
[2021-07-03 11:27:33.231] [exthost] [error] Canceled: Canceled
	at w.makeCancelError (/root/.vscode/extensions/bmewburn.vscode-intelephense-client-1.7.1/lib/extension.js:1:128391)
	at w.handleFailedRequest (/root/.vscode/extensions/bmewburn.vscode-intelephense-client-1.7.1/lib/extension.js:1:128242)
	at /root/.vscode/extensions/bmewburn.vscode-intelephense-client-1.7.1/lib/extension.js:1:93115
[2021-07-03 11:28:37.937] [exthost] [warning] [Decorations] CAPPING events from decorations provider vscode.git 552
[2021-07-03 11:28:50.600] [exthost] [warning] [Decorations] CAPPING events from decorations provider vscode.git 552
[2021-07-03 11:29:16.851] [exthost] [warning] [Decorations] CAPPING events from decorations provider vscode.git 552
[2021-07-03 11:30:10.134] [exthost] [warning] [Decorations] CAPPING events from decorations provider vscode.git 552
[2021-07-03 11:30:24.527] [exthost] [warning] [Decorations] CAPPING events from decorations provider vscode.git 552
[2021-07-03 11:30:33.524] [exthost] [error] [bmewburn.vscode-intelephense-client] provider FAILED
[2021-07-03 11:30:33.524] [exthost] [error] Canceled: Canceled
	at w.makeCancelError (/root/.vscode/extensions/bmewburn.vscode-intelephense-client-1.7.1/lib/extension.js:1:128391)
	at w.handleFailedRequest (/root/.vscode/extensions/bmewburn.vscode-intelephense-client-1.7.1/lib/extension.js:1:128242)
	at /root/.vscode/extensions/bmewburn.vscode-intelephense-client-1.7.1/lib/extension.js:1:93115
[2021-07-03 11:30:47.398] [exthost] [error] [bmewburn.vscode-intelephense-client] provider FAILED
[2021-07-03 11:30:47.398] [exthost] [error] Canceled: Canceled
	at w.makeCancelError (/root/.vscode/extensions/bmewburn.vscode-intelephense-client-1.7.1/lib/extension.js:1:128391)
	at w.handleFailedRequest (/root/.vscode/extensions/bmewburn.vscode-intelephense-client-1.7.1/lib/extension.js:1:128242)
	at /root/.vscode/extensions/bmewburn.vscode-intelephense-client-1.7.1/lib/extension.js:1:93115
[2021-07-03 11:30:51.867] [exthost] [warning] [Decorations] CAPPING events from decorations provider vscode.git 553
[2021-07-03 11:31:03.072] [exthost] [warning] [Decorations] CAPPING events from decorations provider vscode.git 553
[2021-07-03 11:31:08.142] [exthost] [warning] [Decorations] CAPPING events from decorations provider vscode.git 552
[2021-07-03 11:31:13.221] [exthost] [warning] [Decorations] CAPPING events from decorations provider vscode.git 552
[2021-07-03 11:31:33.203] [exthost] [warning] [Decorations] CAPPING events from decorations provider vscode.git 553
[2021-07-03 11:31:39.623] [exthost] [warning] [Decorations] CAPPING events from decorations provider vscode.git 553
[2021-07-03 11:31:45.731] [exthost] [error] [bmewburn.vscode-intelephense-client] provider FAILED
[2021-07-03 11:31:45.731] [exthost] [error] Canceled: Canceled
	at w.makeCancelError (/root/.vscode/extensions/bmewburn.vscode-intelephense-client-1.7.1/lib/extension.js:1:128391)
	at w.handleFailedRequest (/root/.vscode/extensions/bmewburn.vscode-intelephense-client-1.7.1/lib/extension.js:1:128242)
	at /root/.vscode/extensions/bmewburn.vscode-intelephense-client-1.7.1/lib/extension.js:1:93115
[2021-07-03 11:31:46.322] [exthost] [error] [bmewburn.vscode-intelephense-client] provider FAILED
[2021-07-03 11:31:46.322] [exthost] [error] Canceled: Canceled
	at w.makeCancelError (/root/.vscode/extensions/bmewburn.vscode-intelephense-client-1.7.1/lib/extension.js:1:128391)
	at w.handleFailedRequest (/root/.vscode/extensions/bmewburn.vscode-intelephense-client-1.7.1/lib/extension.js:1:128242)
	at /root/.vscode/extensions/bmewburn.vscode-intelephense-client-1.7.1/lib/extension.js:1:93115
[2021-07-03 11:32:42.809] [exthost] [warning] [Decorations] CAPPING events from decorations provider vscode.git 553
[2021-07-03 11:32:48.359] [exthost] [warning] [Decorations] CAPPING events from decorations provider vscode.git 553
[2021-07-03 11:32:54.079] [exthost] [warning] [Decorations] CAPPING events from decorations provider vscode.git 553
[2021-07-03 11:33:00.731] [exthost] [warning] [Decorations] CAPPING events from decorations provider vscode.git 553
[2021-07-03 11:33:05.839] [exthost] [warning] [Decorations] CAPPING events from decorations provider vscode.git 553
[2021-07-03 11:33:16.835] [exthost] [error] [bmewburn.vscode-intelephense-client] provider FAILED
[2021-07-03 11:33:16.837] [exthost] [error] Canceled: Canceled
	at w.makeCancelError (/root/.vscode/extensions/bmewburn.vscode-intelephense-client-1.7.1/lib/extension.js:1:128391)
	at w.handleFailedRequest (/root/.vscode/extensions/bmewburn.vscode-intelephense-client-1.7.1/lib/extension.js:1:128242)
	at /root/.vscode/extensions/bmewburn.vscode-intelephense-client-1.7.1/lib/extension.js:1:93115
[2021-07-03 11:33:25.587] [exthost] [warning] [Decorations] CAPPING events from decorations provider vscode.git 554
[2021-07-03 11:33:29.010] [exthost] [error] [bmewburn.vscode-intelephense-client] provider FAILED
[2021-07-03 11:33:29.010] [exthost] [error] Canceled: Canceled
	at w.makeCancelError (/root/.vscode/extensions/bmewburn.vscode-intelephense-client-1.7.1/lib/extension.js:1:128391)
	at w.handleFailedRequest (/root/.vscode/extensions/bmewburn.vscode-intelephense-client-1.7.1/lib/extension.js:1:128242)
	at /root/.vscode/extensions/bmewburn.vscode-intelephense-client-1.7.1/lib/extension.js:1:93115
[2021-07-03 11:33:35.458] [exthost] [warning] [Decorations] CAPPING events from decorations provider vscode.git 554
[2021-07-03 11:34:33.716] [exthost] [error] [bmewburn.vscode-intelephense-client] provider FAILED
[2021-07-03 11:34:33.717] [exthost] [error] Canceled: Canceled
	at w.makeCancelError (/root/.vscode/extensions/bmewburn.vscode-intelephense-client-1.7.1/lib/extension.js:1:128391)
	at w.handleFailedRequest (/root/.vscode/extensions/bmewburn.vscode-intelephense-client-1.7.1/lib/extension.js:1:128242)
	at /root/.vscode/extensions/bmewburn.vscode-intelephense-client-1.7.1/lib/extension.js:1:93115
[2021-07-03 11:34:37.052] [exthost] [warning] [Decorations] CAPPING events from decorations provider vscode.git 553
[2021-07-03 11:34:42.133] [exthost] [warning] [Decorations] CAPPING events from decorations provider vscode.git 553
[2021-07-03 11:34:58.864] [exthost] [warning] [Decorations] CAPPING events from decorations provider vscode.git 553
[2021-07-03 11:35:08.709] [exthost] [warning] [Decorations] CAPPING events from decorations provider vscode.git 553
[2021-07-03 11:35:36.549] [exthost] [warning] [Decorations] CAPPING events from decorations provider vscode.git 553
[2021-07-03 11:35:48.603] [exthost] [warning] [Decorations] CAPPING events from decorations provider vscode.git 553
[2021-07-03 11:36:58.955] [exthost] [warning] [Decorations] CAPPING events from decorations provider vscode.git 553
[2021-07-03 11:38:15.702] [exthost] [warning] [Decorations] CAPPING events from decorations provider vscode.git 553
[2021-07-03 11:38:46.563] [exthost] [warning] [Decorations] CAPPING events from decorations provider vscode.git 553
[2021-07-03 11:39:03.983] [exthost] [warning] [Decorations] CAPPING events from decorations provider vscode.git 553
[2021-07-03 11:39:14.227] [exthost] [warning] [Decorations] CAPPING events from decorations provider vscode.git 553
[2021-07-03 11:39:25.146] [exthost] [warning] [Decorations] CAPPING events from decorations provider vscode.git 553
[2021-07-03 11:39:37.782] [exthost] [warning] [Decorations] CAPPING events from decorations provider vscode.git 553
[2021-07-03 11:39:54.403] [exthost] [error] [bmewburn.vscode-intelephense-client] provider FAILED
[2021-07-03 11:39:54.420] [exthost] [error] Canceled: Canceled
	at w.makeCancelError (/root/.vscode/extensions/bmewburn.vscode-intelephense-client-1.7.1/lib/extension.js:1:128391)
	at w.handleFailedRequest (/root/.vscode/extensions/bmewburn.vscode-intelephense-client-1.7.1/lib/extension.js:1:128242)
	at /root/.vscode/extensions/bmewburn.vscode-intelephense-client-1.7.1/lib/extension.js:1:93115
[2021-07-03 11:39:56.469] [exthost] [error] [bmewburn.vscode-intelephense-client] provider FAILED
[2021-07-03 11:39:56.469] [exthost] [error] Canceled: Canceled
	at w.makeCancelError (/root/.vscode/extensions/bmewburn.vscode-intelephense-client-1.7.1/lib/extension.js:1:128391)
	at w.handleFailedRequest (/root/.vscode/extensions/bmewburn.vscode-intelephense-client-1.7.1/lib/extension.js:1:128242)
	at /root/.vscode/extensions/bmewburn.vscode-intelephense-client-1.7.1/lib/extension.js:1:93115
[2021-07-03 11:40:04.918] [exthost] [error] [bmewburn.vscode-intelephense-client] provider FAILED
[2021-07-03 11:40:04.918] [exthost] [error] Canceled: Canceled
	at w.makeCancelError (/root/.vscode/extensions/bmewburn.vscode-intelephense-client-1.7.1/lib/extension.js:1:128391)
	at w.handleFailedRequest (/root/.vscode/extensions/bmewburn.vscode-intelephense-client-1.7.1/lib/extension.js:1:128242)
	at /root/.vscode/extensions/bmewburn.vscode-intelephense-client-1.7.1/lib/extension.js:1:93115
[2021-07-03 11:40:14.999] [exthost] [warning] [Decorations] CAPPING events from decorations provider vscode.git 554
[2021-07-03 11:40:27.427] [exthost] [warning] [Decorations] CAPPING events from decorations provider vscode.git 554
[2021-07-03 11:40:35.306] [exthost] [error] [bmewburn.vscode-intelephense-client] provider FAILED
[2021-07-03 11:40:35.306] [exthost] [error] Canceled: Canceled
	at w.makeCancelError (/root/.vscode/extensions/bmewburn.vscode-intelephense-client-1.7.1/lib/extension.js:1:128391)
	at w.handleFailedRequest (/root/.vscode/extensions/bmewburn.vscode-intelephense-client-1.7.1/lib/extension.js:1:128242)
	at /root/.vscode/extensions/bmewburn.vscode-intelephense-client-1.7.1/lib/extension.js:1:93115
[2021-07-03 11:42:14.123] [exthost] [warning] [Decorations] CAPPING events from decorations provider vscode.git 553
[2021-07-03 11:42:41.612] [exthost] [warning] [Decorations] CAPPING events from decorations provider vscode.git 553
[2021-07-03 11:43:16.121] [exthost] [warning] [Decorations] CAPPING events from decorations provider vscode.git 553
[2021-07-03 11:43:33.065] [exthost] [error] [bmewburn.vscode-intelephense-client] provider FAILED
[2021-07-03 11:43:33.076] [exthost] [error] Canceled: Canceled
	at w.makeCancelError (/root/.vscode/extensions/bmewburn.vscode-intelephense-client-1.7.1/lib/extension.js:1:128391)
	at w.handleFailedRequest (/root/.vscode/extensions/bmewburn.vscode-intelephense-client-1.7.1/lib/extension.js:1:128242)
	at /root/.vscode/extensions/bmewburn.vscode-intelephense-client-1.7.1/lib/extension.js:1:93115
[2021-07-03 11:43:44.711] [exthost] [error] [bmewburn.vscode-intelephense-client] provider FAILED
[2021-07-03 11:43:44.711] [exthost] [error] Canceled: Canceled
	at w.makeCancelError (/root/.vscode/extensions/bmewburn.vscode-intelephense-client-1.7.1/lib/extension.js:1:128391)
	at w.handleFailedRequest (/root/.vscode/extensions/bmewburn.vscode-intelephense-client-1.7.1/lib/extension.js:1:128242)
	at /root/.vscode/extensions/bmewburn.vscode-intelephense-client-1.7.1/lib/extension.js:1:93115
[2021-07-03 11:43:51.197] [exthost] [warning] [Decorations] CAPPING events from decorations provider vscode.git 553
[2021-07-03 11:44:06.820] [exthost] [warning] [Decorations] CAPPING events from decorations provider vscode.git 553
[2021-07-03 11:44:13.658] [exthost] [warning] [Decorations] CAPPING events from decorations provider vscode.git 553
[2021-07-03 11:44:23.336] [exthost] [warning] [Decorations] CAPPING events from decorations provider vscode.git 553
[2021-07-03 11:45:48.462] [exthost] [error] [bmewburn.vscode-intelephense-client] provider FAILED
[2021-07-03 11:45:48.462] [exthost] [error] Canceled: Canceled
	at w.makeCancelError (/root/.vscode/extensions/bmewburn.vscode-intelephense-client-1.7.1/lib/extension.js:1:128391)
	at w.handleFailedRequest (/root/.vscode/extensions/bmewburn.vscode-intelephense-client-1.7.1/lib/extension.js:1:128242)
	at /root/.vscode/extensions/bmewburn.vscode-intelephense-client-1.7.1/lib/extension.js:1:93115
[2021-07-03 11:45:55.982] [exthost] [warning] [Decorations] CAPPING events from decorations provider vscode.git 553
[2021-07-03 11:46:15.064] [exthost] [warning] [Decorations] CAPPING events from decorations provider vscode.git 553
[2021-07-03 11:46:29.251] [exthost] [warning] [Decorations] CAPPING events from decorations provider vscode.git 553
[2021-07-03 11:47:25.435] [exthost] [warning] [Decorations] CAPPING events from decorations provider vscode.git 553
[2021-07-03 11:47:53.126] [exthost] [warning] [Decorations] CAPPING events from decorations provider vscode.git 553
[2021-07-03 11:48:13.637] [exthost] [error] [bmewburn.vscode-intelephense-client] provider FAILED
[2021-07-03 11:48:13.637] [exthost] [error] Canceled: Canceled
	at w.makeCancelError (/root/.vscode/extensions/bmewburn.vscode-intelephense-client-1.7.1/lib/extension.js:1:128391)
	at w.handleFailedRequest (/root/.vscode/extensions/bmewburn.vscode-intelephense-client-1.7.1/lib/extension.js:1:128242)
	at /root/.vscode/extensions/bmewburn.vscode-intelephense-client-1.7.1/lib/extension.js:1:93115
[2021-07-03 11:48:42.440] [exthost] [warning] [Decorations] CAPPING events from decorations provider vscode.git 554
[2021-07-03 11:48:51.949] [exthost] [warning] [Decorations] CAPPING events from decorations provider vscode.git 554
[2021-07-03 11:49:00.092] [exthost] [warning] [Decorations] CAPPING events from decorations provider vscode.git 554
[2021-07-03 11:55:00.350] [exthost] [warning] [Decorations] CAPPING events from decorations provider vscode.git 554
[2021-07-03 11:55:19.934] [exthost] [warning] [Decorations] CAPPING events from decorations provider vscode.git 554
[2021-07-03 11:55:38.197] [exthost] [warning] [Decorations] CAPPING events from decorations provider vscode.git 553
[2021-07-03 11:55:45.029] [exthost] [warning] [Decorations] CAPPING events from decorations provider vscode.git 553
[2021-07-03 11:56:09.639] [exthost] [warning] [Decorations] CAPPING events from decorations provider vscode.git 553
[2021-07-03 11:56:54.551] [exthost] [warning] [Decorations] CAPPING events from decorations provider vscode.git 553
[2021-07-03 11:57:00.580] [exthost] [warning] [Decorations] CAPPING events from decorations provider vscode.git 553
[2021-07-03 11:57:19.654] [exthost] [warning] [Decorations] CAPPING events from decorations provider vscode.git 553
[2021-07-03 11:57:29.906] [exthost] [warning] [Decorations] CAPPING events from decorations provider vscode.git 553
[2021-07-03 11:57:50.810] [exthost] [error] [bmewburn.vscode-intelephense-client] provider FAILED
[2021-07-03 11:57:50.824] [exthost] [error] Canceled: Canceled
	at w.makeCancelError (/root/.vscode/extensions/bmewburn.vscode-intelephense-client-1.7.1/lib/extension.js:1:128391)
	at w.handleFailedRequest (/root/.vscode/extensions/bmewburn.vscode-intelephense-client-1.7.1/lib/extension.js:1:128242)
	at /root/.vscode/extensions/bmewburn.vscode-intelephense-client-1.7.1/lib/extension.js:1:93115
[2021-07-03 11:58:17.523] [exthost] [error] [bmewburn.vscode-intelephense-client] provider FAILED
[2021-07-03 11:58:17.523] [exthost] [error] Canceled: Canceled
	at w.makeCancelError (/root/.vscode/extensions/bmewburn.vscode-intelephense-client-1.7.1/lib/extension.js:1:128391)
	at w.handleFailedRequest (/root/.vscode/extensions/bmewburn.vscode-intelephense-client-1.7.1/lib/extension.js:1:128242)
	at /root/.vscode/extensions/bmewburn.vscode-intelephense-client-1.7.1/lib/extension.js:1:93115
[2021-07-03 11:58:28.464] [exthost] [warning] [Decorations] CAPPING events from decorations provider vscode.git 553
[2021-07-03 11:58:33.554] [exthost] [warning] [Decorations] CAPPING events from decorations provider vscode.git 553
[2021-07-03 11:59:26.577] [exthost] [warning] [Decorations] CAPPING events from decorations provider vscode.git 553
[2021-07-03 12:00:09.434] [exthost] [warning] [Decorations] CAPPING events from decorations provider vscode.git 553
