Looking for git in: git
Using git 2.27.0 from git
> git rev-parse --git-dir
Open repository: /var/www/html
> git status -z -u
> git symbolic-ref --short HEAD
> git for-each-ref --format=%(refname)%00%(upstream:short)%00%(objectname)%00%(upstream:track) refs/heads/master refs/remotes/master
> git for-each-ref --sort -committerdate --format %(refname) %(objectname) %(*objectname)
> git remote --verbose
Warning: Failed to watch ref '/var/www/html/.git/refs/remotes/origin/master', is most likely packed.
> git config --get commit.template
> git check-ignore -v -z --stdin
> git show --textconv :.htaccess
> git ls-files --stage -- /var/www/html/.htaccess
> git cat-file -s f17b1f555d25f6bf927223fef78541780a1ecb94
> git show --textconv :core/app.php
> git ls-files --stage -- /var/www/html/core/app.php
> git cat-file -s 86e694ca8fd8e3825c0ad78d95b76f85a49cd839
> git show --textconv :index.php
> git ls-files --stage -- /var/www/html/index.php
> git cat-file -s 688209f5623d57aefd66124c394366e2b1d4d183
> git show --textconv :core/app.php
> git ls-files --stage -- /var/www/html/core/app.php
> git cat-file -s 86e694ca8fd8e3825c0ad78d95b76f85a49cd839
> git status -z -u
> git symbolic-ref --short HEAD
> git for-each-ref --format=%(refname)%00%(upstream:short)%00%(objectname)%00%(upstream:track) refs/heads/master refs/remotes/master
> git for-each-ref --sort -committerdate --format %(refname) %(objectname) %(*objectname)
> git remote --verbose
Warning: Failed to watch ref '/var/www/html/.git/refs/remotes/origin/master', is most likely packed.
> git config --get commit.template
> git show --textconv :index.php
> git ls-files --stage -- /var/www/html/index.php
> git cat-file -s 688209f5623d57aefd66124c394366e2b1d4d183
> git show --textconv :.htaccess
> git ls-files --stage -- /var/www/html/.htaccess
> git cat-file -s f17b1f555d25f6bf927223fef78541780a1ecb94
> git status -z -u
> git symbolic-ref --short HEAD
> git for-each-ref --format=%(refname)%00%(upstream:short)%00%(objectname)%00%(upstream:track) refs/heads/master refs/remotes/master
> git for-each-ref --sort -committerdate --format %(refname) %(objectname) %(*objectname)
> git remote --verbose
Warning: Failed to watch ref '/var/www/html/.git/refs/remotes/origin/master', is most likely packed.
> git config --get commit.template
> git show --textconv :index.php
> git ls-files --stage -- /var/www/html/index.php
> git cat-file -s 688209f5623d57aefd66124c394366e2b1d4d183
> git status -z -u
> git symbolic-ref --short HEAD
> git for-each-ref --format=%(refname)%00%(upstream:short)%00%(objectname)%00%(upstream:track) refs/heads/master refs/remotes/master
> git for-each-ref --sort -committerdate --format %(refname) %(objectname) %(*objectname)
> git remote --verbose
Warning: Failed to watch ref '/var/www/html/.git/refs/remotes/origin/master', is most likely packed.
> git config --get commit.template
> git show --textconv :core/app.php
> git ls-files --stage -- /var/www/html/core/app.php
> git cat-file -s 86e694ca8fd8e3825c0ad78d95b76f85a49cd839
> git show --textconv :index.php
> git ls-files --stage -- /var/www/html/index.php
> git cat-file -s 688209f5623d57aefd66124c394366e2b1d4d183
> git status -z -u
> git symbolic-ref --short HEAD
> git for-each-ref --format=%(refname)%00%(upstream:short)%00%(objectname)%00%(upstream:track) refs/heads/master refs/remotes/master
> git for-each-ref --sort -committerdate --format %(refname) %(objectname) %(*objectname)
> git remote --verbose
Warning: Failed to watch ref '/var/www/html/.git/refs/remotes/origin/master', is most likely packed.
> git config --get commit.template
> git status -z -u
> git symbolic-ref --short HEAD
> git for-each-ref --format=%(refname)%00%(upstream:short)%00%(objectname)%00%(upstream:track) refs/heads/master refs/remotes/master
> git for-each-ref --sort -committerdate --format %(refname) %(objectname) %(*objectname)
> git remote --verbose
Warning: Failed to watch ref '/var/www/html/.git/refs/remotes/origin/master', is most likely packed.
> git config --get commit.template
> git status -z -u
> git symbolic-ref --short HEAD
> git for-each-ref --format=%(refname)%00%(upstream:short)%00%(objectname)%00%(upstream:track) refs/heads/master refs/remotes/master
> git for-each-ref --sort -committerdate --format %(refname) %(objectname) %(*objectname)
> git remote --verbose
Warning: Failed to watch ref '/var/www/html/.git/refs/remotes/origin/master', is most likely packed.
> git config --get commit.template
> git status -z -u
> git symbolic-ref --short HEAD
> git for-each-ref --format=%(refname)%00%(upstream:short)%00%(objectname)%00%(upstream:track) refs/heads/master refs/remotes/master
> git for-each-ref --sort -committerdate --format %(refname) %(objectname) %(*objectname)
> git remote --verbose
Warning: Failed to watch ref '/var/www/html/.git/refs/remotes/origin/master', is most likely packed.
> git config --get commit.template
> git status -z -u
> git symbolic-ref --short HEAD
> git for-each-ref --format=%(refname)%00%(upstream:short)%00%(objectname)%00%(upstream:track) refs/heads/master refs/remotes/master
> git for-each-ref --sort -committerdate --format %(refname) %(objectname) %(*objectname)
> git remote --verbose
Warning: Failed to watch ref '/var/www/html/.git/refs/remotes/origin/master', is most likely packed.
> git config --get commit.template
> git status -z -u
> git symbolic-ref --short HEAD
> git for-each-ref --format=%(refname)%00%(upstream:short)%00%(objectname)%00%(upstream:track) refs/heads/master refs/remotes/master
> git for-each-ref --sort -committerdate --format %(refname) %(objectname) %(*objectname)
> git remote --verbose
Warning: Failed to watch ref '/var/www/html/.git/refs/remotes/origin/master', is most likely packed.
> git config --get commit.template
> git status -z -u
> git symbolic-ref --short HEAD
> git for-each-ref --format=%(refname)%00%(upstream:short)%00%(objectname)%00%(upstream:track) refs/heads/master refs/remotes/master
> git for-each-ref --sort -committerdate --format %(refname) %(objectname) %(*objectname)
> git remote --verbose
Warning: Failed to watch ref '/var/www/html/.git/refs/remotes/origin/master', is most likely packed.
> git config --get commit.template
> git show --textconv :models/BaseModel.php
> git ls-files --stage -- /var/www/html/models/BaseModel.php
> git show --textconv :index.php
> git ls-files --stage -- /var/www/html/index.php
> git cat-file -s 688209f5623d57aefd66124c394366e2b1d4d183
> git show --textconv :core/app.php
> git ls-files --stage -- /var/www/html/core/app.php
> git cat-file -s 86e694ca8fd8e3825c0ad78d95b76f85a49cd839
> git status -z -u
> git symbolic-ref --short HEAD
> git for-each-ref --format=%(refname)%00%(upstream:short)%00%(objectname)%00%(upstream:track) refs/heads/master refs/remotes/master
> git for-each-ref --sort -committerdate --format %(refname) %(objectname) %(*objectname)
> git remote --verbose
Warning: Failed to watch ref '/var/www/html/.git/refs/remotes/origin/master', is most likely packed.
> git config --get commit.template
> git status -z -u
> git symbolic-ref --short HEAD
> git for-each-ref --format=%(refname)%00%(upstream:short)%00%(objectname)%00%(upstream:track) refs/heads/master refs/remotes/master
> git for-each-ref --sort -committerdate --format %(refname) %(objectname) %(*objectname)
> git remote --verbose
Warning: Failed to watch ref '/var/www/html/.git/refs/remotes/origin/master', is most likely packed.
> git config --get commit.template
> git status -z -u
> git symbolic-ref --short HEAD
> git for-each-ref --format=%(refname)%00%(upstream:short)%00%(objectname)%00%(upstream:track) refs/heads/master refs/remotes/master
> git for-each-ref --sort -committerdate --format %(refname) %(objectname) %(*objectname)
> git remote --verbose
Warning: Failed to watch ref '/var/www/html/.git/refs/remotes/origin/master', is most likely packed.
> git config --get commit.template
> git show --textconv :index.php
> git ls-files --stage -- /var/www/html/index.php
> git cat-file -s 688209f5623d57aefd66124c394366e2b1d4d183
> git status -z -u
> git symbolic-ref --short HEAD
> git for-each-ref --format=%(refname)%00%(upstream:short)%00%(objectname)%00%(upstream:track) refs/heads/master refs/remotes/master
> git for-each-ref --sort -committerdate --format %(refname) %(objectname) %(*objectname)
> git remote --verbose
Warning: Failed to watch ref '/var/www/html/.git/refs/remotes/origin/master', is most likely packed.
> git config --get commit.template
> git check-ignore -v -z --stdin
> git check-ignore -v -z --stdin
> git check-ignore -v -z --stdin
> git show --textconv :views/layouts/master1.php
> git ls-files --stage -- /var/www/html/views/layouts/master1.php
> git status -z -u
> git symbolic-ref --short HEAD
> git for-each-ref --format=%(refname)%00%(upstream:short)%00%(objectname)%00%(upstream:track) refs/heads/master refs/remotes/master
> git for-each-ref --sort -committerdate --format %(refname) %(objectname) %(*objectname)
> git remote --verbose
Warning: Failed to watch ref '/var/www/html/.git/refs/remotes/origin/master', is most likely packed.
> git config --get commit.template
> git status -z -u
> git symbolic-ref --short HEAD
> git for-each-ref --format=%(refname)%00%(upstream:short)%00%(objectname)%00%(upstream:track) refs/heads/master refs/remotes/master
> git for-each-ref --sort -committerdate --format %(refname) %(objectname) %(*objectname)
> git remote --verbose
Warning: Failed to watch ref '/var/www/html/.git/refs/remotes/origin/master', is most likely packed.
> git config --get commit.template
> git status -z -u
> git symbolic-ref --short HEAD
> git for-each-ref --format=%(refname)%00%(upstream:short)%00%(objectname)%00%(upstream:track) refs/heads/master refs/remotes/master
> git for-each-ref --sort -committerdate --format %(refname) %(objectname) %(*objectname)
> git remote --verbose
Warning: Failed to watch ref '/var/www/html/.git/refs/remotes/origin/master', is most likely packed.
> git config --get commit.template
> git status -z -u
> git symbolic-ref --short HEAD
> git for-each-ref --format=%(refname)%00%(upstream:short)%00%(objectname)%00%(upstream:track) refs/heads/master refs/remotes/master
> git for-each-ref --sort -committerdate --format %(refname) %(objectname) %(*objectname)
> git remote --verbose
Warning: Failed to watch ref '/var/www/html/.git/refs/remotes/origin/master', is most likely packed.
> git config --get commit.template
> git log --format=%H%n%aN%n%aE%n%at%n%ct%n%P%n%B -z -n21 -- /var/www/html/views/layouts/master1.php
> git show --textconv :views/layouts/master1.php
> git ls-files --stage -- /var/www/html/views/layouts/master1.php
> git status -z -u
> git symbolic-ref --short HEAD
> git for-each-ref --format=%(refname)%00%(upstream:short)%00%(objectname)%00%(upstream:track) refs/heads/master refs/remotes/master
> git for-each-ref --sort -committerdate --format %(refname) %(objectname) %(*objectname)
> git remote --verbose
Warning: Failed to watch ref '/var/www/html/.git/refs/remotes/origin/master', is most likely packed.
> git config --get commit.template
> git show --textconv :.htaccess
> git ls-files --stage -- /var/www/html/.htaccess
> git cat-file -s f17b1f555d25f6bf927223fef78541780a1ecb94
> git show --textconv :index.php
> git ls-files --stage -- /var/www/html/index.php
> git cat-file -s 688209f5623d57aefd66124c394366e2b1d4d183
> git status -z -u
> git symbolic-ref --short HEAD
> git for-each-ref --format=%(refname)%00%(upstream:short)%00%(objectname)%00%(upstream:track) refs/heads/master refs/remotes/master
> git for-each-ref --sort -committerdate --format %(refname) %(objectname) %(*objectname)
> git remote --verbose
Warning: Failed to watch ref '/var/www/html/.git/refs/remotes/origin/master', is most likely packed.
> git config --get commit.template
> git log --format=%H%n%aN%n%aE%n%at%n%ct%n%P%n%B -z -n21 -- /var/www/html/index.php
> git show --textconv :views/blocks/header.php
> git ls-files --stage -- /var/www/html/views/blocks/header.php
> git status -z -u
> git symbolic-ref --short HEAD
> git for-each-ref --format=%(refname)%00%(upstream:short)%00%(objectname)%00%(upstream:track) refs/heads/master refs/remotes/master
> git for-each-ref --sort -committerdate --format %(refname) %(objectname) %(*objectname)
> git remote --verbose
Warning: Failed to watch ref '/var/www/html/.git/refs/remotes/origin/master', is most likely packed.
> git config --get commit.template
> git show --textconv :views/layouts/master1.php
> git ls-files --stage -- /var/www/html/views/layouts/master1.php
> git show --textconv :views/blocks/header.php
> git ls-files --stage -- /var/www/html/views/blocks/header.php
> git check-ignore -v -z --stdin
> git check-ignore -v -z --stdin
> git show --textconv :views/pages/dashboard.php
> git ls-files --stage -- /var/www/html/views/pages/dashboard.php
> git show --textconv :views/pages/error.php
> git ls-files --stage -- /var/www/html/views/pages/error.php
> git show --textconv :views/pages/home.php
> git ls-files --stage -- /var/www/html/views/pages/home.php
> git show --textconv :views/pages/login.php
> git ls-files --stage -- /var/www/html/views/pages/login.php
> git show --textconv :views/pages/register.php
> git ls-files --stage -- /var/www/html/views/pages/register.php
> git show --textconv :controllers/LoginController.php
> git ls-files --stage -- /var/www/html/controllers/LoginController.php
> git show --textconv :controllers/RegisterController.php
> git ls-files --stage -- /var/www/html/controllers/RegisterController.php
> git show --textconv :controllers/LoginController.php
> git ls-files --stage -- /var/www/html/controllers/LoginController.php
> git show --textconv :controllers/RegisterController.php
> git ls-files --stage -- /var/www/html/controllers/RegisterController.php
> git show --textconv :controllers/LoginController.php
> git ls-files --stage -- /var/www/html/controllers/LoginController.php
> git show --textconv :controllers/RegisterController.php
> git ls-files --stage -- /var/www/html/controllers/RegisterController.php
> git show --textconv :controllers/LoginController.php
> git ls-files --stage -- /var/www/html/controllers/LoginController.php
> git show --textconv :controllers/RegisterController.php
> git ls-files --stage -- /var/www/html/controllers/RegisterController.php
> git show --textconv :controllers/LoginController.php
> git ls-files --stage -- /var/www/html/controllers/LoginController.php
> git show --textconv :controllers/RegisterController.php
> git ls-files --stage -- /var/www/html/controllers/RegisterController.php
> git show --textconv :controllers/LoginController.php
> git ls-files --stage -- /var/www/html/controllers/LoginController.php
> git show --textconv :controllers/RegisterController.php
> git ls-files --stage -- /var/www/html/controllers/RegisterController.php
> git show --textconv :controllers/LoginController.php
> git ls-files --stage -- /var/www/html/controllers/LoginController.php
> git show --textconv :controllers/RegisterController.php
> git ls-files --stage -- /var/www/html/controllers/RegisterController.php
> git show --textconv :controllers/LoginController.php
> git ls-files --stage -- /var/www/html/controllers/LoginController.php
> git show --textconv :controllers/RegisterController.php
> git ls-files --stage -- /var/www/html/controllers/RegisterController.php
> git show --textconv :controllers/LoginController.php
> git ls-files --stage -- /var/www/html/controllers/LoginController.php
> git show --textconv :controllers/RegisterController.php
> git ls-files --stage -- /var/www/html/controllers/RegisterController.php
> git show --textconv :controllers/LoginController.php
> git ls-files --stage -- /var/www/html/controllers/LoginController.php
> git show --textconv :controllers/RegisterController.php
> git ls-files --stage -- /var/www/html/controllers/RegisterController.php
> git show --textconv :controllers/LoginController.php
> git ls-files --stage -- /var/www/html/controllers/LoginController.php
> git show --textconv :controllers/RegisterController.php
> git ls-files --stage -- /var/www/html/controllers/RegisterController.php
> git show --textconv :controllers/LoginController.php
> git ls-files --stage -- /var/www/html/controllers/LoginController.php
> git show --textconv :controllers/RegisterController.php
> git ls-files --stage -- /var/www/html/controllers/RegisterController.php
> git show --textconv :controllers/LoginController.php
> git ls-files --stage -- /var/www/html/controllers/LoginController.php
> git show --textconv :controllers/RegisterController.php
> git ls-files --stage -- /var/www/html/controllers/RegisterController.php
> git show --textconv :controllers/AccountController.php
> git ls-files --stage -- /var/www/html/controllers/AccountController.php
> git check-ignore -v -z --stdin
> git status -z -u
> git symbolic-ref --short HEAD
> git for-each-ref --format=%(refname)%00%(upstream:short)%00%(objectname)%00%(upstream:track) refs/heads/master refs/remotes/master
> git for-each-ref --sort -committerdate --format %(refname) %(objectname) %(*objectname)
> git remote --verbose
Warning: Failed to watch ref '/var/www/html/.git/refs/remotes/origin/master', is most likely packed.
> git config --get commit.template
> git show --textconv :controllers/RegisterController.php
> git ls-files --stage -- /var/www/html/controllers/RegisterController.php
> git show --textconv :controllers/AccountController.php
> git ls-files --stage -- /var/www/html/controllers/AccountController.php
> git status -z -u
> git symbolic-ref --short HEAD
> git for-each-ref --format=%(refname)%00%(upstream:short)%00%(objectname)%00%(upstream:track) refs/heads/master refs/remotes/master
> git for-each-ref --sort -committerdate --format %(refname) %(objectname) %(*objectname)
> git remote --verbose
Warning: Failed to watch ref '/var/www/html/.git/refs/remotes/origin/master', is most likely packed.
> git config --get commit.template
> git status -z -u
> git symbolic-ref --short HEAD
> git for-each-ref --format=%(refname)%00%(upstream:short)%00%(objectname)%00%(upstream:track) refs/heads/master refs/remotes/master
> git for-each-ref --sort -committerdate --format %(refname) %(objectname) %(*objectname)
> git remote --verbose
Warning: Failed to watch ref '/var/www/html/.git/refs/remotes/origin/master', is most likely packed.
> git config --get commit.template
> git show --textconv :controllers/RegisterController.php
> git ls-files --stage -- /var/www/html/controllers/RegisterController.php
> git show --textconv :controllers/LoginController.php
> git ls-files --stage -- /var/www/html/controllers/LoginController.php
> git show --textconv :controllers/RegisterController.php
> git ls-files --stage -- /var/www/html/controllers/RegisterController.php
> git show --textconv :controllers/LoginController.php
> git ls-files --stage -- /var/www/html/controllers/LoginController.php
> git show --textconv :controllers/HomeController.php
> git ls-files --stage -- /var/www/html/controllers/HomeController.php
> git show --textconv :controllers/LoginController.php
> git ls-files --stage -- /var/www/html/controllers/LoginController.php
> git show --textconv :controllers/RegisterController.php
> git ls-files --stage -- /var/www/html/controllers/RegisterController.php
> git show --textconv :controllers/LoginController.php
> git ls-files --stage -- /var/www/html/controllers/LoginController.php
> git show --textconv :controllers/AccountController.php
> git ls-files --stage -- /var/www/html/controllers/AccountController.php
> git status -z -u
> git symbolic-ref --short HEAD
> git for-each-ref --format=%(refname)%00%(upstream:short)%00%(objectname)%00%(upstream:track) refs/heads/master refs/remotes/master
> git for-each-ref --sort -committerdate --format %(refname) %(objectname) %(*objectname)
> git remote --verbose
Warning: Failed to watch ref '/var/www/html/.git/refs/remotes/origin/master', is most likely packed.
> git config --get commit.template
> git status -z -u
> git symbolic-ref --short HEAD
> git for-each-ref --format=%(refname)%00%(upstream:short)%00%(objectname)%00%(upstream:track) refs/heads/master refs/remotes/master
> git for-each-ref --sort -committerdate --format %(refname) %(objectname) %(*objectname)
> git remote --verbose
Warning: Failed to watch ref '/var/www/html/.git/refs/remotes/origin/master', is most likely packed.
> git config --get commit.template
> git show --textconv :controllers/RegisterController.php
> git ls-files --stage -- /var/www/html/controllers/RegisterController.php
> git show --textconv :controllers/AccountController.php
> git ls-files --stage -- /var/www/html/controllers/AccountController.php
> git show --textconv :controllers/LoginController.php
> git ls-files --stage -- /var/www/html/controllers/LoginController.php
> git status -z -u
> git symbolic-ref --short HEAD
> git for-each-ref --format=%(refname)%00%(upstream:short)%00%(objectname)%00%(upstream:track) refs/heads/master refs/remotes/master
> git for-each-ref --sort -committerdate --format %(refname) %(objectname) %(*objectname)
> git remote --verbose
Warning: Failed to watch ref '/var/www/html/.git/refs/remotes/origin/master', is most likely packed.
> git config --get commit.template
> git show --textconv :controllers/AccountController.php
> git ls-files --stage -- /var/www/html/controllers/AccountController.php
> git status -z -u
> git symbolic-ref --short HEAD
> git for-each-ref --format=%(refname)%00%(upstream:short)%00%(objectname)%00%(upstream:track) refs/heads/master refs/remotes/master
> git for-each-ref --sort -committerdate --format %(refname) %(objectname) %(*objectname)
> git remote --verbose
Warning: Failed to watch ref '/var/www/html/.git/refs/remotes/origin/master', is most likely packed.
> git config --get commit.template
> git show --textconv :views/layouts/master1.php
> git ls-files --stage -- /var/www/html/views/layouts/master1.php
> git show --textconv :views/blocks/header.php
> git ls-files --stage -- /var/www/html/views/blocks/header.php
> git status -z -u
> git symbolic-ref --short HEAD
> git for-each-ref --format=%(refname)%00%(upstream:short)%00%(objectname)%00%(upstream:track) refs/heads/master refs/remotes/master
> git for-each-ref --sort -committerdate --format %(refname) %(objectname) %(*objectname)
> git remote --verbose
Warning: Failed to watch ref '/var/www/html/.git/refs/remotes/origin/master', is most likely packed.
> git config --get commit.template
> git status -z -u
> git symbolic-ref --short HEAD
> git for-each-ref --format=%(refname)%00%(upstream:short)%00%(objectname)%00%(upstream:track) refs/heads/master refs/remotes/master
> git for-each-ref --sort -committerdate --format %(refname) %(objectname) %(*objectname)
> git remote --verbose
Warning: Failed to watch ref '/var/www/html/.git/refs/remotes/origin/master', is most likely packed.
> git config --get commit.template
> git status -z -u
> git symbolic-ref --short HEAD
> git for-each-ref --format=%(refname)%00%(upstream:short)%00%(objectname)%00%(upstream:track) refs/heads/master refs/remotes/master
> git for-each-ref --sort -committerdate --format %(refname) %(objectname) %(*objectname)
> git remote --verbose
Warning: Failed to watch ref '/var/www/html/.git/refs/remotes/origin/master', is most likely packed.
> git config --get commit.template
> git show --textconv :core/app.php
> git ls-files --stage -- /var/www/html/core/app.php
> git cat-file -s 86e694ca8fd8e3825c0ad78d95b76f85a49cd839
> git show --textconv :views/blocks/header.php
> git ls-files --stage -- /var/www/html/views/blocks/header.php
> git show --textconv :views/pages/login.php
> git ls-files --stage -- /var/www/html/views/pages/login.php
> git status -z -u
> git symbolic-ref --short HEAD
> git for-each-ref --format=%(refname)%00%(upstream:short)%00%(objectname)%00%(upstream:track) refs/heads/master refs/remotes/master
> git for-each-ref --sort -committerdate --format %(refname) %(objectname) %(*objectname)
> git remote --verbose
Warning: Failed to watch ref '/var/www/html/.git/refs/remotes/origin/master', is most likely packed.
> git config --get commit.template
> git status -z -u
> git symbolic-ref --short HEAD
> git for-each-ref --format=%(refname)%00%(upstream:short)%00%(objectname)%00%(upstream:track) refs/heads/master refs/remotes/master
> git for-each-ref --sort -committerdate --format %(refname) %(objectname) %(*objectname)
> git remote --verbose
Warning: Failed to watch ref '/var/www/html/.git/refs/remotes/origin/master', is most likely packed.
> git config --get commit.template
> git show --textconv :views/blocks/header.php
> git ls-files --stage -- /var/www/html/views/blocks/header.php
> git show --textconv :controllers/AccountController.php
> git ls-files --stage -- /var/www/html/controllers/AccountController.php
> git show --textconv :views/blocks/header.php
> git ls-files --stage -- /var/www/html/views/blocks/header.php
> git status -z -u
> git symbolic-ref --short HEAD
> git for-each-ref --format=%(refname)%00%(upstream:short)%00%(objectname)%00%(upstream:track) refs/heads/master refs/remotes/master
> git for-each-ref --sort -committerdate --format %(refname) %(objectname) %(*objectname)
> git remote --verbose
Warning: Failed to watch ref '/var/www/html/.git/refs/remotes/origin/master', is most likely packed.
> git config --get commit.template
> git status -z -u
> git symbolic-ref --short HEAD
> git for-each-ref --format=%(refname)%00%(upstream:short)%00%(objectname)%00%(upstream:track) refs/heads/master refs/remotes/master
> git for-each-ref --sort -committerdate --format %(refname) %(objectname) %(*objectname)
> git remote --verbose
Warning: Failed to watch ref '/var/www/html/.git/refs/remotes/origin/master', is most likely packed.
> git config --get commit.template
> git status -z -u
> git symbolic-ref --short HEAD
> git for-each-ref --format=%(refname)%00%(upstream:short)%00%(objectname)%00%(upstream:track) refs/heads/master refs/remotes/master
> git for-each-ref --sort -committerdate --format %(refname) %(objectname) %(*objectname)
> git remote --verbose
Warning: Failed to watch ref '/var/www/html/.git/refs/remotes/origin/master', is most likely packed.
> git config --get commit.template
> git show --textconv :.htaccess
> git ls-files --stage -- /var/www/html/.htaccess
> git cat-file -s f17b1f555d25f6bf927223fef78541780a1ecb94
> git show --textconv :views/layouts/master1.php
> git ls-files --stage -- /var/www/html/views/layouts/master1.php
> git show --textconv :controllers/AccountController.php
> git ls-files --stage -- /var/www/html/controllers/AccountController.php
> git show --textconv :views/pages/login.php
> git ls-files --stage -- /var/www/html/views/pages/login.php
> git status -z -u
> git symbolic-ref --short HEAD
> git for-each-ref --format=%(refname)%00%(upstream:short)%00%(objectname)%00%(upstream:track) refs/heads/master refs/remotes/master
> git for-each-ref --sort -committerdate --format %(refname) %(objectname) %(*objectname)
> git remote --verbose
Warning: Failed to watch ref '/var/www/html/.git/refs/remotes/origin/master', is most likely packed.
> git config --get commit.template
> git show --textconv :views/pages/register.php
> git ls-files --stage -- /var/www/html/views/pages/register.php
> git status -z -u
> git symbolic-ref --short HEAD
> git for-each-ref --format=%(refname)%00%(upstream:short)%00%(objectname)%00%(upstream:track) refs/heads/master refs/remotes/master
> git for-each-ref --sort -committerdate --format %(refname) %(objectname) %(*objectname)
> git remote --verbose
Warning: Failed to watch ref '/var/www/html/.git/refs/remotes/origin/master', is most likely packed.
> git config --get commit.template
> git show --textconv :views/pages/login.php
> git ls-files --stage -- /var/www/html/views/pages/login.php
> git status -z -u
> git symbolic-ref --short HEAD
> git for-each-ref --format=%(refname)%00%(upstream:short)%00%(objectname)%00%(upstream:track) refs/heads/master refs/remotes/master
> git for-each-ref --sort -committerdate --format %(refname) %(objectname) %(*objectname)
> git remote --verbose
Warning: Failed to watch ref '/var/www/html/.git/refs/remotes/origin/master', is most likely packed.
> git config --get commit.template
> git status -z -u
> git symbolic-ref --short HEAD
> git for-each-ref --format=%(refname)%00%(upstream:short)%00%(objectname)%00%(upstream:track) refs/heads/master refs/remotes/master
> git for-each-ref --sort -committerdate --format %(refname) %(objectname) %(*objectname)
> git remote --verbose
Warning: Failed to watch ref '/var/www/html/.git/refs/remotes/origin/master', is most likely packed.
> git config --get commit.template
> git show --textconv :controllers/AccountController.php
> git ls-files --stage -- /var/www/html/controllers/AccountController.php
> git show --textconv :controllers/BaseController.php
> git ls-files --stage -- /var/www/html/controllers/BaseController.php
> git show --textconv :controllers/ErrorController.php
> git ls-files --stage -- /var/www/html/controllers/ErrorController.php
> git show --textconv :controllers/DashboardController.php
> git ls-files --stage -- /var/www/html/controllers/DashboardController.php
> git show --textconv :controllers/ErrorController.php
> git ls-files --stage -- /var/www/html/controllers/ErrorController.php
> git show --textconv :controllers/AccountController.php
> git ls-files --stage -- /var/www/html/controllers/AccountController.php
> git status -z -u
> git symbolic-ref --short HEAD
> git for-each-ref --format=%(refname)%00%(upstream:short)%00%(objectname)%00%(upstream:track) refs/heads/master refs/remotes/master
> git for-each-ref --sort -committerdate --format %(refname) %(objectname) %(*objectname)
> git remote --verbose
Warning: Failed to watch ref '/var/www/html/.git/refs/remotes/origin/master', is most likely packed.
> git config --get commit.template
> git show --textconv :views/pages/error.php
> git ls-files --stage -- /var/www/html/views/pages/error.php
> git status -z -u
> git symbolic-ref --short HEAD
> git for-each-ref --format=%(refname)%00%(upstream:short)%00%(objectname)%00%(upstream:track) refs/heads/master refs/remotes/master
> git for-each-ref --sort -committerdate --format %(refname) %(objectname) %(*objectname)
> git remote --verbose
Warning: Failed to watch ref '/var/www/html/.git/refs/remotes/origin/master', is most likely packed.
> git config --get commit.template
> git show --textconv :views/pages/error.php
> git ls-files --stage -- /var/www/html/views/pages/error.php
> git show --textconv :views/pages/error.php
> git ls-files --stage -- /var/www/html/views/pages/error.php
> git status -z -u
> git symbolic-ref --short HEAD
> git for-each-ref --format=%(refname)%00%(upstream:short)%00%(objectname)%00%(upstream:track) refs/heads/master refs/remotes/master
> git for-each-ref --sort -committerdate --format %(refname) %(objectname) %(*objectname)
> git remote --verbose
Warning: Failed to watch ref '/var/www/html/.git/refs/remotes/origin/master', is most likely packed.
> git config --get commit.template
> git status -z -u
> git symbolic-ref --short HEAD
> git for-each-ref --format=%(refname)%00%(upstream:short)%00%(objectname)%00%(upstream:track) refs/heads/master refs/remotes/master
> git for-each-ref --sort -committerdate --format %(refname) %(objectname) %(*objectname)
> git remote --verbose
Warning: Failed to watch ref '/var/www/html/.git/refs/remotes/origin/master', is most likely packed.
> git config --get commit.template
> git status -z -u
> git symbolic-ref --short HEAD
> git for-each-ref --format=%(refname)%00%(upstream:short)%00%(objectname)%00%(upstream:track) refs/heads/master refs/remotes/master
> git for-each-ref --sort -committerdate --format %(refname) %(objectname) %(*objectname)
> git remote --verbose
Warning: Failed to watch ref '/var/www/html/.git/refs/remotes/origin/master', is most likely packed.
> git config --get commit.template
> git log --format=%H%n%aN%n%aE%n%at%n%ct%n%P%n%B -z -n21 -- /var/www/html/views/pages/error.php
> git check-ignore -v -z --stdin
> git check-ignore -v -z --stdin
> git show --textconv :assets/css/style.css
> git ls-files --stage -- /var/www/html/assets/css/style.css
> git cat-file -s 29155aa6c4ec31b78e2205b056cb0f43c922a1e1
> git status -z -u
> git symbolic-ref --short HEAD
> git for-each-ref --format=%(refname)%00%(upstream:short)%00%(objectname)%00%(upstream:track) refs/heads/master refs/remotes/master
> git for-each-ref --sort -committerdate --format %(refname) %(objectname) %(*objectname)
> git remote --verbose
Warning: Failed to watch ref '/var/www/html/.git/refs/remotes/origin/master', is most likely packed.
> git config --get commit.template
> git show --textconv :views/pages/error.php
> git ls-files --stage -- /var/www/html/views/pages/error.php
> git status -z -u
> git symbolic-ref --short HEAD
> git for-each-ref --format=%(refname)%00%(upstream:short)%00%(objectname)%00%(upstream:track) refs/heads/master refs/remotes/master
> git for-each-ref --sort -committerdate --format %(refname) %(objectname) %(*objectname)
> git remote --verbose
Warning: Failed to watch ref '/var/www/html/.git/refs/remotes/origin/master', is most likely packed.
> git config --get commit.template
> git status -z -u
> git symbolic-ref --short HEAD
> git for-each-ref --format=%(refname)%00%(upstream:short)%00%(objectname)%00%(upstream:track) refs/heads/master refs/remotes/master
> git for-each-ref --sort -committerdate --format %(refname) %(objectname) %(*objectname)
> git remote --verbose
Warning: Failed to watch ref '/var/www/html/.git/refs/remotes/origin/master', is most likely packed.
> git config --get commit.template
> git status -z -u
> git symbolic-ref --short HEAD
> git for-each-ref --format=%(refname)%00%(upstream:short)%00%(objectname)%00%(upstream:track) refs/heads/master refs/remotes/master
> git for-each-ref --sort -committerdate --format %(refname) %(objectname) %(*objectname)
> git remote --verbose
Warning: Failed to watch ref '/var/www/html/.git/refs/remotes/origin/master', is most likely packed.
> git config --get commit.template
> git status -z -u
> git symbolic-ref --short HEAD
> git for-each-ref --format=%(refname)%00%(upstream:short)%00%(objectname)%00%(upstream:track) refs/heads/master refs/remotes/master
> git for-each-ref --sort -committerdate --format %(refname) %(objectname) %(*objectname)
> git remote --verbose
Warning: Failed to watch ref '/var/www/html/.git/refs/remotes/origin/master', is most likely packed.
> git config --get commit.template
> git show --textconv :views/pages/login.php
> git ls-files --stage -- /var/www/html/views/pages/login.php
> git show --textconv :views/pages/register.php
> git ls-files --stage -- /var/www/html/views/pages/register.php
> git show --textconv :views/pages/login.php
> git ls-files --stage -- /var/www/html/views/pages/login.php
> git show --textconv :views/pages/error.php
> git ls-files --stage -- /var/www/html/views/pages/error.php
> git show --textconv :assets/css/style.css
> git ls-files --stage -- /var/www/html/assets/css/style.css
> git cat-file -s 29155aa6c4ec31b78e2205b056cb0f43c922a1e1
> git status -z -u
> git symbolic-ref --short HEAD
> git for-each-ref --format=%(refname)%00%(upstream:short)%00%(objectname)%00%(upstream:track) refs/heads/master refs/remotes/master
> git for-each-ref --sort -committerdate --format %(refname) %(objectname) %(*objectname)
> git remote --verbose
Warning: Failed to watch ref '/var/www/html/.git/refs/remotes/origin/master', is most likely packed.
> git config --get commit.template
> git show --textconv :.htaccess
> git ls-files --stage -- /var/www/html/.htaccess
> git cat-file -s f17b1f555d25f6bf927223fef78541780a1ecb94
> git show --textconv :views/.htaccess
> git ls-files --stage -- /var/www/html/views/.htaccess
> git show --textconv :.htaccess
> git ls-files --stage -- /var/www/html/.htaccess
> git cat-file -s f17b1f555d25f6bf927223fef78541780a1ecb94
> git status -z -u
> git symbolic-ref --short HEAD
> git for-each-ref --format=%(refname)%00%(upstream:short)%00%(objectname)%00%(upstream:track) refs/heads/master refs/remotes/master
> git for-each-ref --sort -committerdate --format %(refname) %(objectname) %(*objectname)
> git remote --verbose
Warning: Failed to watch ref '/var/www/html/.git/refs/remotes/origin/master', is most likely packed.
> git config --get commit.template
> git show --textconv :core/.htaccess
> git ls-files --stage -- /var/www/html/core/.htaccess
> git cat-file -s 3418e55a68383c1cbc687c52a2994d1e8ed83800
> git show --textconv :.htaccess
> git ls-files --stage -- /var/www/html/.htaccess
> git cat-file -s f17b1f555d25f6bf927223fef78541780a1ecb94
> git show --textconv :models/.htaccess
> git ls-files --stage -- /var/www/html/models/.htaccess
> git status -z -u
> git symbolic-ref --short HEAD
> git for-each-ref --format=%(refname)%00%(upstream:short)%00%(objectname)%00%(upstream:track) refs/heads/master refs/remotes/master
> git for-each-ref --sort -committerdate --format %(refname) %(objectname) %(*objectname)
> git remote --verbose
Warning: Failed to watch ref '/var/www/html/.git/refs/remotes/origin/master', is most likely packed.
> git config --get commit.template
> git show --textconv :.htaccess
> git ls-files --stage -- /var/www/html/.htaccess
> git cat-file -s f17b1f555d25f6bf927223fef78541780a1ecb94
> git status -z -u
> git symbolic-ref --short HEAD
> git for-each-ref --format=%(refname)%00%(upstream:short)%00%(objectname)%00%(upstream:track) refs/heads/master refs/remotes/master
> git for-each-ref --sort -committerdate --format %(refname) %(objectname) %(*objectname)
> git remote --verbose
Warning: Failed to watch ref '/var/www/html/.git/refs/remotes/origin/master', is most likely packed.
> git config --get commit.template
> git log --format=%H%n%aN%n%aE%n%at%n%ct%n%P%n%B -z -n21 -- /var/www/html/.htaccess
> git show --textconv :assets/css/style.css
> git ls-files --stage -- /var/www/html/assets/css/style.css
> git cat-file -s 29155aa6c4ec31b78e2205b056cb0f43c922a1e1
> git status -z -u
> git symbolic-ref --short HEAD
> git for-each-ref --format=%(refname)%00%(upstream:short)%00%(objectname)%00%(upstream:track) refs/heads/master refs/remotes/master
> git for-each-ref --sort -committerdate --format %(refname) %(objectname) %(*objectname)
> git remote --verbose
Warning: Failed to watch ref '/var/www/html/.git/refs/remotes/origin/master', is most likely packed.
> git config --get commit.template
> git show --textconv :.htaccess
> git ls-files --stage -- /var/www/html/.htaccess
> git cat-file -s f17b1f555d25f6bf927223fef78541780a1ecb94
> git status -z -u
> git symbolic-ref --short HEAD
> git for-each-ref --format=%(refname)%00%(upstream:short)%00%(objectname)%00%(upstream:track) refs/heads/master refs/remotes/master
> git for-each-ref --sort -committerdate --format %(refname) %(objectname) %(*objectname)
> git remote --verbose
Warning: Failed to watch ref '/var/www/html/.git/refs/remotes/origin/master', is most likely packed.
> git config --get commit.template
> git status -z -u
> git symbolic-ref --short HEAD
> git for-each-ref --format=%(refname)%00%(upstream:short)%00%(objectname)%00%(upstream:track) refs/heads/master refs/remotes/master
> git for-each-ref --sort -committerdate --format %(refname) %(objectname) %(*objectname)
> git remote --verbose
Warning: Failed to watch ref '/var/www/html/.git/refs/remotes/origin/master', is most likely packed.
> git config --get commit.template
> git show --textconv :assets/css/style.css
> git ls-files --stage -- /var/www/html/assets/css/style.css
> git cat-file -s 29155aa6c4ec31b78e2205b056cb0f43c922a1e1
> git show --textconv :views/pages/login.php
> git ls-files --stage -- /var/www/html/views/pages/login.php
> git show --textconv :assets/css/style.css
> git ls-files --stage -- /var/www/html/assets/css/style.css
> git cat-file -s 29155aa6c4ec31b78e2205b056cb0f43c922a1e1
> git show --textconv :views/pages/login.php
> git ls-files --stage -- /var/www/html/views/pages/login.php
> git show --textconv :controllers/AccountController.php
> git ls-files --stage -- /var/www/html/controllers/AccountController.php
> git show --textconv :views/blocks/header.php
> git ls-files --stage -- /var/www/html/views/blocks/header.php
> git status -z -u
> git symbolic-ref --short HEAD
> git for-each-ref --format=%(refname)%00%(upstream:short)%00%(objectname)%00%(upstream:track) refs/heads/master refs/remotes/master
> git for-each-ref --sort -committerdate --format %(refname) %(objectname) %(*objectname)
> git remote --verbose
Warning: Failed to watch ref '/var/www/html/.git/refs/remotes/origin/master', is most likely packed.
> git config --get commit.template
> git log --format=%H%n%aN%n%aE%n%at%n%ct%n%P%n%B -z -n21 -- /var/www/html/views/blocks/header.php
> git show --textconv :models/BaseModel.php
> git ls-files --stage -- /var/www/html/models/BaseModel.php
> git status -z -u
> git symbolic-ref --short HEAD
> git for-each-ref --format=%(refname)%00%(upstream:short)%00%(objectname)%00%(upstream:track) refs/heads/master refs/remotes/master
> git for-each-ref --sort -committerdate --format %(refname) %(objectname) %(*objectname)
> git remote --verbose
Warning: Failed to watch ref '/var/www/html/.git/refs/remotes/origin/master', is most likely packed.
> git config --get commit.template
> git status -z -u
> git symbolic-ref --short HEAD
> git for-each-ref --format=%(refname)%00%(upstream:short)%00%(objectname)%00%(upstream:track) refs/heads/master refs/remotes/master
> git for-each-ref --sort -committerdate --format %(refname) %(objectname) %(*objectname)
> git remote --verbose
Warning: Failed to watch ref '/var/www/html/.git/refs/remotes/origin/master', is most likely packed.
> git config --get commit.template
