[2021-07-01 14:57:05.050] [exthost] [info] extension host started
[2021-07-01 14:57:05.173] [exthost] [info] ExtensionService#_doActivateExtension vscode.microsoft-authentication {"startup":false,"extensionId":{"value":"vscode.microsoft-authentication","_lower":"vscode.microsoft-authentication"},"activationEvent":"onAuthenticationRequest:microsoft"}
[2021-07-01 14:57:05.173] [exthost] [info] ExtensionService#loadCommonJSModule file:///snap/code/67/usr/share/code/resources/app/extensions/microsoft-authentication/dist/extension.js
[2021-07-01 14:57:05.307] [exthost] [info] ExtensionService#_doActivateExtension vscode.php-language-features {"startup":false,"extensionId":{"value":"vscode.php-language-features","_lower":"vscode.php-language-features"},"activationEvent":"onLanguage:php"}
[2021-07-01 14:57:05.307] [exthost] [info] ExtensionService#loadCommonJSModule file:///snap/code/67/usr/share/code/resources/app/extensions/php-language-features/dist/phpMain
[2021-07-01 14:57:05.326] [exthost] [info] ExtensionService#_doActivateExtension vscode.debug-auto-launch {"startup":true,"extensionId":{"value":"vscode.debug-auto-launch","_lower":"vscode.debug-auto-launch"},"activationEvent":"*"}
[2021-07-01 14:57:05.326] [exthost] [info] ExtensionService#loadCommonJSModule file:///snap/code/67/usr/share/code/resources/app/extensions/debug-auto-launch/dist/extension
[2021-07-01 14:57:05.332] [exthost] [info] ExtensionService#_doActivateExtension vscode.git {"startup":true,"extensionId":{"value":"vscode.github","_lower":"vscode.github"},"activationEvent":"*"}
[2021-07-01 14:57:05.332] [exthost] [info] ExtensionService#loadCommonJSModule file:///snap/code/67/usr/share/code/resources/app/extensions/git/dist/main
[2021-07-01 14:57:05.717] [exthost] [info] ExtensionService#_doActivateExtension vscode.github {"startup":true,"extensionId":{"value":"vscode.github","_lower":"vscode.github"},"activationEvent":"*"}
[2021-07-01 14:57:05.717] [exthost] [info] ExtensionService#loadCommonJSModule file:///snap/code/67/usr/share/code/resources/app/extensions/github/dist/extension.js
[2021-07-01 14:57:05.907] [exthost] [info] ExtensionService#_doActivateExtension ms-vscode.js-debug {"startup":false,"extensionId":{"value":"ms-vscode.js-debug","_lower":"ms-vscode.js-debug"},"activationEvent":"onCommand:extension.js-debug.clearAutoAttachVariables"}
[2021-07-01 14:57:05.907] [exthost] [info] ExtensionService#loadCommonJSModule file:///snap/code/67/usr/share/code/resources/app/extensions/ms-vscode.js-debug/src/extension.js
[2021-07-01 14:57:06.249] [exthost] [info] eager extensions activated
[2021-07-01 14:57:06.273] [exthost] [info] ExtensionService#_doActivateExtension vscode.emmet {"startup":false,"extensionId":{"value":"vscode.emmet","_lower":"vscode.emmet"},"activationEvent":"onStartupFinished"}
[2021-07-01 14:57:06.274] [exthost] [info] ExtensionService#loadCommonJSModule file:///snap/code/67/usr/share/code/resources/app/extensions/emmet/dist/node/emmetNodeMain
[2021-07-01 14:57:06.309] [exthost] [info] ExtensionService#_doActivateExtension vscode.merge-conflict {"startup":false,"extensionId":{"value":"vscode.merge-conflict","_lower":"vscode.merge-conflict"},"activationEvent":"onStartupFinished"}
[2021-07-01 14:57:06.309] [exthost] [info] ExtensionService#loadCommonJSModule file:///snap/code/67/usr/share/code/resources/app/extensions/merge-conflict/dist/mergeConflictMain
[2021-07-01 14:57:06.328] [exthost] [info] ExtensionService#_doActivateExtension vscode.testing-editor-contributions {"startup":false,"extensionId":{"value":"vscode.testing-editor-contributions","_lower":"vscode.testing-editor-contributions"},"activationEvent":"onStartupFinished"}
[2021-07-01 14:57:06.328] [exthost] [info] ExtensionService#loadCommonJSModule file:///snap/code/67/usr/share/code/resources/app/extensions/testing-editor-contributions/dist/extension.js
[2021-07-01 14:57:06.423] [exthost] [warning] [Decorations] CAPPING events from decorations provider vscode.git 341
[2021-07-01 14:57:06.447] [exthost] [info] ExtensionService#_doActivateExtension vscode.github-authentication {"startup":false,"extensionId":{"value":"vscode.github-authentication","_lower":"vscode.github-authentication"},"activationEvent":"onAuthenticationRequest:github"}
[2021-07-01 14:57:06.447] [exthost] [info] ExtensionService#loadCommonJSModule file:///snap/code/67/usr/share/code/resources/app/extensions/github-authentication/dist/extension.js
[2021-07-01 14:57:24.244] [exthost] [warning] [Decorations] CAPPING events from decorations provider vscode.git 342
[2021-07-01 14:59:16.052] [exthost] [warning] [Decorations] CAPPING events from decorations provider vscode.git 342
[2021-07-01 14:59:38.274] [exthost] [warning] [Decorations] CAPPING events from decorations provider vscode.git 340
[2021-07-01 14:59:48.890] [exthost] [warning] [Decorations] CAPPING events from decorations provider vscode.git 340
[2021-07-01 15:00:33.476] [exthost] [warning] [Decorations] CAPPING events from decorations provider vscode.git 340
[2021-07-01 15:00:48.392] [exthost] [warning] [Decorations] CAPPING events from decorations provider vscode.git 340
[2021-07-01 15:01:08.322] [exthost] [warning] [Decorations] CAPPING events from decorations provider vscode.git 340
[2021-07-01 15:01:13.981] [exthost] [warning] [Decorations] CAPPING events from decorations provider vscode.git 340
[2021-07-01 15:01:32.978] [exthost] [warning] [Decorations] CAPPING events from decorations provider vscode.git 340
[2021-07-01 15:01:38.064] [exthost] [warning] [Decorations] CAPPING events from decorations provider vscode.git 340
[2021-07-01 15:01:43.867] [exthost] [warning] [Decorations] CAPPING events from decorations provider vscode.git 340
[2021-07-01 15:01:49.299] [exthost] [warning] [Decorations] CAPPING events from decorations provider vscode.git 340
[2021-07-01 15:01:54.377] [exthost] [warning] [Decorations] CAPPING events from decorations provider vscode.git 340
[2021-07-01 15:02:08.505] [exthost] [warning] [Decorations] CAPPING events from decorations provider vscode.git 354
[2021-07-01 15:02:13.577] [exthost] [warning] [Decorations] CAPPING events from decorations provider vscode.git 360
[2021-07-01 15:02:18.708] [exthost] [warning] [Decorations] CAPPING events from decorations provider vscode.git 380
[2021-07-01 15:02:26.312] [exthost] [warning] [Decorations] CAPPING events from decorations provider vscode.git 380
[2021-07-01 15:03:56.449] [exthost] [warning] [Decorations] CAPPING events from decorations provider vscode.git 380
[2021-07-01 15:04:22.818] [exthost] [warning] [Decorations] CAPPING events from decorations provider vscode.git 380
[2021-07-01 15:05:15.645] [exthost] [warning] [Decorations] CAPPING events from decorations provider vscode.git 380
[2021-07-01 15:05:37.739] [exthost] [warning] [Decorations] CAPPING events from decorations provider vscode.git 380
[2021-07-01 15:09:08.326] [exthost] [info] extension host terminating: renderer closed the socket
[2021-07-01 15:09:09.344] [exthost] [info] exiting with code 0
